#
# A fatal error has been detected by the Java Runtime Environment:
#
#  SIGSEGV (0xb) at pc=0x00007f8f9c3ab0ce, pid=18880, tid=0x00007f8f4f306700
#
# JRE version: Java(TM) SE Runtime Environment (8.0_121-b13) (build 1.8.0_121-b13)
# Java VM: Java HotSpot(TM) 64-Bit Server VM (25.121-b13 mixed mode linux-amd64 compressed oops)
# Problematic frame:
# j  pruebaSeguridad.Usuario_$$_javassist_11.getEnabled()Z+23
#
# Core dump written. Default location: /home/estadias02/Proyectos/flujo/core or core.18880
#
# If you would like to submit a bug report, please visit:
#   http://bugreport.java.com/bugreport/crash.jsp
#

---------------  T H R E A D  ---------------

Current thread (0x00007f8f2c008000):  JavaThread "http-bio-8080-exec-4" daemon [_thread_in_Java, id=18958, stack(0x00007f8f4f206000,0x00007f8f4f307000)]

siginfo: si_signo: 11 (SIGSEGV), si_code: 1 (SEGV_MAPERR), si_addr: 0x0000000020006a0a

Registers:
RAX=0x00000001003a37f0, RBX=0x0000000000000000, RCX=0x0000000020006a02, RDX=0x0000000080000005
RSP=0x00007f8f4f2fb8c8, RBP=0x00007f8f4f2fb938, RSI=0x00000000f9b8b538, RDI=0x00007f8f2c008000
R8 =0x0000000000000000, R9 =0xfffffffffffffff8, R10=0x00007f8fb12ea860, R11=0x0000000100000f28
R12=0x0000000000000000, R13=0x00007f8f4cc2672f, R14=0x00007f8f4f2fb950, R15=0x00007f8f2c008000
RIP=0x00007f8f9c3ab0ce, EFLAGS=0x0000000000010246, CSGSFS=0x002b000000000033, ERR=0x0000000000000004
  TRAPNO=0x000000000000000e

Top of Stack: (sp=0x00007f8f4f2fb8c8)
0x00007f8f4f2fb8c8:   00007f8f9c38f114 00000000f9b8b538
0x00007f8f4f2fb8d8:   00000000f3334868 00000000f334e348
0x00007f8f4f2fb8e8:   00000000d5ab7868 0000000020006a02
0x00007f8f4f2fb8f8:   00007f8f4f2fb8f8 00007f8f4cc2672f
0x00007f8f4f2fb908:   00007f8f4f2fb950 00007f8f1f7e5748
0x00007f8f4f2fb918:   0000000000000000 00007f8f4cc26740
0x00007f8f4f2fb928:   0000000000000000 00007f8f4f2fb950
0x00007f8f4f2fb938:   00007f8f4f2fb9c0 00007f8f9c3877a7
0x00007f8f4f2fb948:   00000000f31290f8 00000000d5ab7868
0x00007f8f4f2fb958:   00000000f9b854e8 0000000000001fa0
0x00007f8f4f2fb968:   00007f8fac529910 00007f8f2c008000
0x00007f8f4f2fb978:   00007f8f4f2fba40 00007f8f4f2fbd50
0x00007f8f4f2fb988:   00007f8f4f2fba00 00007f8f4f2fba00
0x00007f8f4f2fb998:   00007f8f4f2fbd58 00007f8f0000000a
0x00007f8f4f2fb9a8:   00007f8f4cc26740 00007f8f9c399c80
0x00007f8f4f2fb9b8:   00007f8f4f2fbc48 00007f8f4f2fbb30
0x00007f8f4f2fb9c8:   00007f8fb09b3dd6 00007f8f00000002
0x00007f8f4f2fb9d8:   00007f8f2c008000 00007f8f4f2fbc40
0x00007f8f4f2fb9e8:   00007f8f4f2fbd50 00007f8f9c399c80
0x00007f8f4f2fb9f8:   00007f8f0000000a 00007f8f2c008000
0x00007f8f4f2fba08:   00007f8f5c0032f0 00007f8f4cc26740
0x00007f8f4f2fba18:   00000000f9b854e8 00007f8f4f2fbf60
0x00007f8f4f2fba28:   00007f8f9caf7c77 0000000000000000
0x00007f8f4f2fba38:   00007f8f4f2fbd50 00007f8f2c008000
0x00007f8f4f2fba48:   00007f8f2c0010a0 00007f8f68b85b20
0x00007f8f4f2fba58:   00007f8f68b85b38 00007f8f68b8db08
0x00007f8f4f2fba68:   00000000000080b0 00007f8f4f2fc730
0x00007f8f4f2fba78:   0000000000000000 00007f8f4cc26740
0x00007f8f4f2fba88:   00007f8f2c008000 00007f8f4f2fbaf0
0x00007f8f4f2fba98:   00007f8fb060321b 00007f8f4cc26740
0x00007f8f4f2fbaa8:   00007f8f2c008000 000000924f2fbd00
0x00007f8f4f2fbab8:   00007f8f4f2fc280 00007f8f4f2fbb30 

Instructions: (pc=0x00007f8f9c3ab0ce)
0x00007f8f9c3ab0ae:   d8 41 83 ed 04 41 c1 e5 03 49 03 d5 48 89 55 e0
0x00007f8f9c3ab0be:   4c 8d 6c 24 08 4c 89 6d f0 ff 63 50 4c 8b 75 d0
0x00007f8f9c3ab0ce:   8b 51 08 48 c1 e2 03 4c 8b 6d e0 4d 85 ed 0f 84
0x00007f8f9c3ab0de:   97 00 00 00 4d 8b 75 10 4c 3b f2 0f 85 0f 00 00 

Register to memory mapping:

RAX=0x00000001003a37f0 is pointing into metadata
RBX=0x0000000000000000 is an unknown value
RCX=0x0000000020006a02 is an unknown value
RDX=0x0000000080000005 is an unknown value
RSP=0x00007f8f4f2fb8c8 is pointing into the stack for thread: 0x00007f8f2c008000
RBP=0x00007f8f4f2fb938 is pointing into the stack for thread: 0x00007f8f2c008000
RSI=0x00000000f9b8b538 is an oop
[Ljava.lang.Object; 
 - klass: 'java/lang/Object'[]
 - length: 0
RDI=0x00007f8f2c008000 is a thread
R8 =0x0000000000000000 is an unknown value
R9 =0xfffffffffffffff8 is an unknown value
R10=0x00007f8fb12ea860: <offset 0xfc7860> in /usr/java/jdk1.8.0_121/jre/lib/amd64/server/libjvm.so at 0x00007f8fb0323000
R11=0x0000000100000f28 is pointing into metadata
R12=0x0000000000000000 is an unknown value
R13=0x00007f8f4cc2672f is pointing into metadata
R14=0x00007f8f4f2fb950 is pointing into the stack for thread: 0x00007f8f2c008000
R15=0x00007f8f2c008000 is a thread


Stack: [0x00007f8f4f206000,0x00007f8f4f307000],  sp=0x00007f8f4f2fb8c8,  free space=982k
Native frames: (J=compiled Java code, j=interpreted, Vv=VM code, C=native code)
j  pruebaSeguridad.Usuario_$$_javassist_11.getEnabled()Z+23
v  ~StubRoutines::call_stub
V  [libjvm.so+0x690dd6]  JavaCalls::call_helper(JavaValue*, methodHandle*, JavaCallArguments*, Thread*)+0x1056
V  [libjvm.so+0x99c357]  Reflection::invoke(instanceKlassHandle, methodHandle, Handle, bool, objArrayHandle, BasicType, objArrayHandle, bool, Thread*)+0x5d7
V  [libjvm.so+0x99fa67]  Reflection::invoke_method(oopDesc*, Handle, objArrayHandle, Thread*)+0x147
V  [libjvm.so+0x72447b]  JVM_InvokeMethod+0x26b
J 1813  sun.reflect.NativeMethodAccessorImpl.invoke0(Ljava/lang/reflect/Method;Ljava/lang/Object;[Ljava/lang/Object;)Ljava/lang/Object; (0 bytes) @ 0x00007f8f9caf7ced [0x00007f8f9caf7c00+0xed]
J 1812 C1 sun.reflect.NativeMethodAccessorImpl.invoke(Ljava/lang/Object;[Ljava/lang/Object;)Ljava/lang/Object; (104 bytes) @ 0x00007f8f9cafe94c [0x00007f8f9cafd7c0+0x118c]
J 3854 C2 java.lang.reflect.Method.invoke(Ljava/lang/Object;[Ljava/lang/Object;)Ljava/lang/Object; (62 bytes) @ 0x00007f8f9c5e4ab8 [0x00007f8f9c5e4a00+0xb8]
J 8103 C1 org.springsource.loaded.ri.ReflectiveInterceptor.jlrMethodInvoke(Ljava/lang/reflect/Method;Ljava/lang/Object;[Ljava/lang/Object;)Ljava/lang/Object; (2214 bytes) @ 0x00007f8f9dbb86cc [0x00007f8f9dbb6ec0+0x180c]
j  org.codehaus.groovy.grails.commons.spring.OptimizedAutowireCapableBeanFactory.autowireBeanInAutowireByName(Ljava/lang/Object;Ljava/util/Map;)V+121
j  org.codehaus.groovy.grails.commons.spring.OptimizedAutowireCapableBeanFactory.populateBeanInAutowireByName(Ljava/lang/Object;)V+9
j  org.codehaus.groovy.grails.commons.spring.OptimizedAutowireCapableBeanFactory.autowireBeanProperties(Ljava/lang/Object;IZ)V+41
j  org.springframework.beans.factory.config.AutowireCapableBeanFactory$autowireBeanProperties.call(Ljava/lang/Object;[Ljava/lang/Object;)Ljava/lang/Object;+28
J 2122 C1 org.codehaus.groovy.runtime.callsite.CallSiteArray.defaultCall(Lorg/codehaus/groovy/runtime/callsite/CallSite;Ljava/lang/Object;[Ljava/lang/Object;)Ljava/lang/Object; (14 bytes) @ 0x00007f8f9cc0dedc [0x00007f8f9cc0ddc0+0x11c]
j  org.springframework.beans.factory.config.AutowireCapableBeanFactory$autowireBeanProperties.call(Ljava/lang/Object;Ljava/lang/Object;Ljava/lang/Object;Ljava/lang/Object;)Ljava/lang/Object;+42
j  org.codehaus.groovy.grails.plugins.DomainClassGrailsPlugin$_enhanceDomainClasses_closure10.doCall(Ljava/lang/Object;)Ljava/lang/Object;+27
v  ~StubRoutines::call_stub
V  [libjvm.so+0x690dd6]  JavaCalls::call_helper(JavaValue*, methodHandle*, JavaCallArguments*, Thread*)+0x1056
V  [libjvm.so+0x99c357]  Reflection::invoke(instanceKlassHandle, methodHandle, Handle, bool, objArrayHandle, BasicType, objArrayHandle, bool, Thread*)+0x5d7
V  [libjvm.so+0x99fa67]  Reflection::invoke_method(oopDesc*, Handle, objArrayHandle, Thread*)+0x147
V  [libjvm.so+0x72447b]  JVM_InvokeMethod+0x26b
J 1813  sun.reflect.NativeMethodAccessorImpl.invoke0(Ljava/lang/reflect/Method;Ljava/lang/Object;[Ljava/lang/Object;)Ljava/lang/Object; (0 bytes) @ 0x00007f8f9caf7ced [0x00007f8f9caf7c00+0xed]
J 1812 C1 sun.reflect.NativeMethodAccessorImpl.invoke(Ljava/lang/Object;[Ljava/lang/Object;)Ljava/lang/Object; (104 bytes) @ 0x00007f8f9cafe94c [0x00007f8f9cafd7c0+0x118c]
J 3854 C2 java.lang.reflect.Method.invoke(Ljava/lang/Object;[Ljava/lang/Object;)Ljava/lang/Object; (62 bytes) @ 0x00007f8f9c5e4ab8 [0x00007f8f9c5e4a00+0xb8]
J 8103 C1 org.springsource.loaded.ri.ReflectiveInterceptor.jlrMethodInvoke(Ljava/lang/reflect/Method;Ljava/lang/Object;[Ljava/lang/Object;)Ljava/lang/Object; (2214 bytes) @ 0x00007f8f9dbb87e4 [0x00007f8f9dbb6ec0+0x1924]
J 6963 C2 groovy.lang.MetaMethod.doMethodInvoke(Ljava/lang/Object;[Ljava/lang/Object;)Ljava/lang/Object; (22 bytes) @ 0x00007f8f9d9c5c0c [0x00007f8f9d9c5960+0x2ac]
J 3200 C1 groovy.lang.MetaClassImpl.invokeMethod(Ljava/lang/Class;Ljava/lang/Object;Ljava/lang/String;[Ljava/lang/Object;ZZ)Ljava/lang/Object; (1088 bytes) @ 0x00007f8f9cfeeb54 [0x00007f8f9cfed7e0+0x1374]
J 4141 C1 groovy.lang.ExpandoMetaClass.invokeMethod(Ljava/lang/Class;Ljava/lang/Object;Ljava/lang/String;[Ljava/lang/Object;ZZ)Ljava/lang/Object; (48 bytes) @ 0x00007f8f9d113484 [0x00007f8f9d113260+0x224]
J 7072 C2 groovy.lang.MetaClassImpl.invokeMethod(Ljava/lang/Object;Ljava/lang/String;[Ljava/lang/Object;)Ljava/lang/Object; (14 bytes) @ 0x00007f8f9c6b62b4 [0x00007f8f9c6b6260+0x54]
J 3219 C1 groovy.lang.Closure.call([Ljava/lang/Object;)Ljava/lang/Object; (30 bytes) @ 0x00007f8f9cff5884 [0x00007f8f9cff57e0+0xa4]
j  org.codehaus.groovy.runtime.metaclass.ClosureStaticMetaMethod.invoke(Ljava/lang/Object;[Ljava/lang/Object;)Ljava/lang/Object;+18
J 6963 C2 groovy.lang.MetaMethod.doMethodInvoke(Ljava/lang/Object;[Ljava/lang/Object;)Ljava/lang/Object; (22 bytes) @ 0x00007f8f9d9c5c6c [0x00007f8f9d9c5960+0x30c]
J 3200 C1 groovy.lang.MetaClassImpl.invokeMethod(Ljava/lang/Class;Ljava/lang/Object;Ljava/lang/String;[Ljava/lang/Object;ZZ)Ljava/lang/Object; (1088 bytes) @ 0x00007f8f9cfeeb54 [0x00007f8f9cfed7e0+0x1374]
J 4141 C1 groovy.lang.ExpandoMetaClass.invokeMethod(Ljava/lang/Class;Ljava/lang/Object;Ljava/lang/String;[Ljava/lang/Object;ZZ)Ljava/lang/Object; (48 bytes) @ 0x00007f8f9d113484 [0x00007f8f9d113260+0x224]
J 7072 C2 groovy.lang.MetaClassImpl.invokeMethod(Ljava/lang/Object;Ljava/lang/String;[Ljava/lang/Object;)Ljava/lang/Object; (14 bytes) @ 0x00007f8f9c6b62b4 [0x00007f8f9c6b6260+0x54]
j  org.codehaus.groovy.grails.commons.GrailsMetaClassUtils.invokeMethodIfExists(Ljava/lang/Object;Ljava/lang/String;[Ljava/lang/Object;)Ljava/lang/Object;+35
j  org.codehaus.groovy.grails.plugins.web.api.ControllersDomainBindingApi.autowire(Ljava/lang/Object;)V+11
j  org.codehaus.groovy.grails.plugins.web.api.ControllersDomainBindingApi.initialize(Ljava/lang/Object;)V+1
j  pruebaSeguridad.Usuario.<init>()V+278
j  pruebaSeguridad.Usuario_$$_javassist_11.<init>()V+8
v  ~StubRoutines::call_stub
V  [libjvm.so+0x690dd6]  JavaCalls::call_helper(JavaValue*, methodHandle*, JavaCallArguments*, Thread*)+0x1056
V  [libjvm.so+0x99c357]  Reflection::invoke(instanceKlassHandle, methodHandle, Handle, bool, objArrayHandle, BasicType, objArrayHandle, bool, Thread*)+0x5d7
V  [libjvm.so+0x99cfd3]  Reflection::invoke_constructor(oopDesc*, objArrayHandle, Thread*)+0x313
V  [libjvm.so+0x71b3aa]  JVM_NewInstanceFromConstructor+0x10a
J 1881  sun.reflect.NativeConstructorAccessorImpl.newInstance0(Ljava/lang/reflect/Constructor;[Ljava/lang/Object;)Ljava/lang/Object; (0 bytes) @ 0x00007f8f9cb36095 [0x00007f8f9cb35fc0+0xd5]
J 1880 C1 sun.reflect.NativeConstructorAccessorImpl.newInstance([Ljava/lang/Object;)Ljava/lang/Object; (89 bytes) @ 0x00007f8f9cb3befc [0x00007f8f9cb3aec0+0x103c]
J 7755 C2 java.lang.reflect.Constructor.newInstance([Ljava/lang/Object;)Ljava/lang/Object; (87 bytes) @ 0x00007f8f9d6103a4 [0x00007f8f9d6102e0+0xc4]
J 8104 C1 org.springsource.loaded.ri.ReflectiveInterceptor.jlrConstructorNewInstance(Ljava/lang/reflect/Constructor;[Ljava/lang/Object;)Ljava/lang/Object; (177 bytes) @ 0x00007f8f9d07498c [0x00007f8f9d0740e0+0x8ac]
J 1388 C1 org.springsource.loaded.ri.ReflectiveInterceptor.jlClassNewInstance(Ljava/lang/Class;)Ljava/lang/Object; (33 bytes) @ 0x00007f8f9c9a47b4 [0x00007f8f9c9a4600+0x1b4]
j  org.codehaus.groovy.grails.orm.hibernate.proxy.GroovyAwareJavassistLazyInitializer.createProxyInstance(Ljava/lang/Class;Lorg/codehaus/groovy/grails/orm/hibernate/proxy/GroovyAwareJavassistLazyInitializer;)Lorg/hibernate/proxy/HibernateProxy;+1
j  org.codehaus.groovy.grails.orm.hibernate.proxy.GroovyAwareJavassistLazyInitializer.getProxy(Ljava/lang/Class;Ljava/lang/String;Ljava/lang/Class;[Ljava/lang/Class;Ljava/lang/reflect/Method;Ljava/lang/reflect/Method;Lorg/hibernate/type/CompositeType;Ljava/io/Serializable;Lorg/hibernate/engine/spi/SessionImplementor;)Lorg/hibernate/proxy/HibernateProxy;+29
j  org.codehaus.groovy.grails.orm.hibernate.proxy.GroovyAwareJavassistProxyFactory.getProxy(Ljava/io/Serializable;Lorg/hibernate/engine/spi/SessionImplementor;)Lorg/hibernate/proxy/HibernateProxy;+30
j  org.codehaus.groovy.grails.orm.hibernate.persister.entity.GroovyAwareSingleTableEntityPersister.createProxy(Ljava/io/Serializable;Lorg/hibernate/engine/spi/SessionImplementor;)Ljava/lang/Object;+13
j  org.hibernate.event.internal.DefaultLoadEventListener.createProxyIfNecessary(Lorg/hibernate/event/spi/LoadEvent;Lorg/hibernate/persister/entity/EntityPersister;Lorg/hibernate/engine/spi/EntityKey;Lorg/hibernate/event/spi/LoadEventListener$LoadType;Lorg/hibernate/engine/spi/PersistenceContext;)Ljava/lang/Object;+91
j  org.hibernate.event.internal.DefaultLoadEventListener.proxyOrLoad(Lorg/hibernate/event/spi/LoadEvent;Lorg/hibernate/persister/entity/EntityPersister;Lorg/hibernate/engine/spi/EntityKey;Lorg/hibernate/event/spi/LoadEventListener$LoadType;)Ljava/lang/Object;+113
j  org.hibernate.event.internal.DefaultLoadEventListener.onLoad(Lorg/hibernate/event/spi/LoadEvent;Lorg/hibernate/event/spi/LoadEventListener$LoadType;)V+366
j  org.hibernate.internal.SessionImpl.fireLoad(Lorg/hibernate/event/spi/LoadEvent;Lorg/hibernate/event/spi/LoadEventListener$LoadType;)V+45
j  org.hibernate.internal.SessionImpl.internalLoad(Ljava/lang/String;Ljava/io/Serializable;ZZ)Ljava/lang/Object;+44
j  org.hibernate.type.EntityType.resolveIdentifier(Ljava/io/Serializable;Lorg/hibernate/engine/spi/SessionImplementor;)Ljava/lang/Object;+57
j  org.hibernate.type.EntityType.resolve(Ljava/lang/Object;Lorg/hibernate/engine/spi/SessionImplementor;Ljava/lang/Object;)Ljava/lang/Object;+36
j  org.hibernate.engine.internal.TwoPhaseLoad.doInitializeEntity(Ljava/lang/Object;Lorg/hibernate/engine/spi/EntityEntry;ZLorg/hibernate/engine/spi/SessionImplementor;Lorg/hibernate/event/spi/PreLoadEvent;)V+120
j  org.hibernate.engine.internal.TwoPhaseLoad.initializeEntity(Ljava/lang/Object;ZLorg/hibernate/engine/spi/SessionImplementor;Lorg/hibernate/event/spi/PreLoadEvent;)V+39
j  org.hibernate.loader.plan.exec.process.internal.AbstractRowReader.performTwoPhaseLoad(Lorg/hibernate/event/spi/PreLoadEvent;Lorg/hibernate/loader/plan/exec/process/internal/ResultSetProcessingContextImpl;Ljava/util/List;)V+78
j  org.hibernate.loader.plan.exec.process.internal.AbstractRowReader.finishUp(Lorg/hibernate/loader/plan/exec/process/internal/ResultSetProcessingContextImpl;Ljava/util/List;)V+68
j  org.hibernate.loader.plan.exec.process.internal.ResultSetProcessorImpl.extractResults(Ljava/sql/ResultSet;Lorg/hibernate/engine/spi/SessionImplementor;Lorg/hibernate/engine/spi/QueryParameters;Lorg/hibernate/loader/plan/exec/query/spi/NamedParameterContext;ZZLorg/hibernate/transform/ResultTransformer;Ljava/util/List;)Ljava/util/List;+197
j  org.hibernate.loader.plan.exec.internal.AbstractLoadPlanBasedLoader.executeLoad(Lorg/hibernate/engine/spi/SessionImplementor;Lorg/hibernate/engine/spi/QueryParameters;Lorg/hibernate/loader/plan/exec/spi/LoadQueryDetails;ZLorg/hibernate/transform/ResultTransformer;Ljava/util/List;)Ljava/util/List;+114
j  org.hibernate.loader.plan.exec.internal.AbstractLoadPlanBasedLoader.executeLoad(Lorg/hibernate/engine/spi/SessionImplementor;Lorg/hibernate/engine/spi/QueryParameters;Lorg/hibernate/loader/plan/exec/spi/LoadQueryDetails;ZLorg/hibernate/transform/ResultTransformer;)Ljava/util/List;+19
j  org.hibernate.loader.entity.plan.AbstractLoadPlanBasedEntityLoader.load(Ljava/io/Serializable;Ljava/lang/Object;Lorg/hibernate/engine/spi/SessionImplementor;Lorg/hibernate/LockOptions;)Ljava/lang/Object;+86
j  org.hibernate.persister.entity.AbstractEntityPersister.load(Ljava/io/Serializable;Ljava/lang/Object;Lorg/hibernate/LockOptions;Lorg/hibernate/engine/spi/SessionImplementor;)Ljava/lang/Object;+47
j  org.hibernate.event.internal.DefaultLoadEventListener.loadFromDatasource(Lorg/hibernate/event/spi/LoadEvent;Lorg/hibernate/persister/entity/EntityPersister;Lorg/hibernate/engine/spi/EntityKey;Lorg/hibernate/event/spi/LoadEventListener$LoadType;)Ljava/lang/Object;+21
j  org.hibernate.event.internal.DefaultLoadEventListener.doLoad(Lorg/hibernate/event/spi/LoadEvent;Lorg/hibernate/persister/entity/EntityPersister;Lorg/hibernate/engine/spi/EntityKey;Lorg/hibernate/event/spi/LoadEventListener$LoadType;)Ljava/lang/Object;+220
j  org.hibernate.event.internal.DefaultLoadEventListener.load(Lorg/hibernate/event/spi/LoadEvent;Lorg/hibernate/persister/entity/EntityPersister;Lorg/hibernate/engine/spi/EntityKey;Lorg/hibernate/event/spi/LoadEventListener$LoadType;)Ljava/lang/Object;+95
j  org.hibernate.event.internal.DefaultLoadEventListener.proxyOrLoad(Lorg/hibernate/event/spi/LoadEvent;Lorg/hibernate/persister/entity/EntityPersister;Lorg/hibernate/engine/spi/EntityKey;Lorg/hibernate/event/spi/LoadEventListener$LoadType;)Ljava/lang/Object;+123
j  org.hibernate.event.internal.DefaultLoadEventListener.onLoad(Lorg/hibernate/event/spi/LoadEvent;Lorg/hibernate/event/spi/LoadEventListener$LoadType;)V+366
j  org.hibernate.internal.SessionImpl.fireLoad(Lorg/hibernate/event/spi/LoadEvent;Lorg/hibernate/event/spi/LoadEventListener$LoadType;)V+45
j  org.hibernate.internal.SessionImpl.access$2000(Lorg/hibernate/internal/SessionImpl;Lorg/hibernate/event/spi/LoadEvent;Lorg/hibernate/event/spi/LoadEventListener$LoadType;)V+3
j  org.hibernate.internal.SessionImpl$IdentifierLoadAccessImpl.load(Ljava/io/Serializable;)Ljava/lang/Object;+82
j  org.hibernate.internal.SessionImpl.get(Ljava/lang/Class;Ljava/io/Serializable;)Ljava/lang/Object;+6
j  org.codehaus.groovy.grails.orm.hibernate.GrailsHibernateTemplate$1.doInHibernate(Lorg/hibernate/Session;)Ljava/lang/Object;+9
j  org.codehaus.groovy.grails.orm.hibernate.GrailsHibernateTemplate.doExecute(Lorg/codehaus/groovy/grails/orm/hibernate/GrailsHibernateTemplate$HibernateCallback;Z)Ljava/lang/Object;+84
j  org.codehaus.groovy.grails.orm.hibernate.GrailsHibernateTemplate.get(Ljava/lang/Class;Ljava/io/Serializable;)Ljava/lang/Object;+12
j  org.codehaus.groovy.grails.orm.hibernate.HibernateGormStaticApi.doGetInstance(Ljava/io/Serializable;)Ljava/lang/Object;+41
j  org.codehaus.groovy.grails.orm.hibernate.HibernateGormStaticApi.get(Ljava/io/Serializable;)Ljava/lang/Object;+2
j  pruebaSeguridad.Ticket.get(Ljava/io/Serializable;)LpruebaSeguridad/Ticket;+70
v  ~StubRoutines::call_stub
V  [libjvm.so+0x690dd6]  JavaCalls::call_helper(JavaValue*, methodHandle*, JavaCallArguments*, Thread*)+0x1056
V  [libjvm.so+0x99c357]  Reflection::invoke(instanceKlassHandle, methodHandle, Handle, bool, objArrayHandle, BasicType, objArrayHandle, bool, Thread*)+0x5d7
V  [libjvm.so+0x99fa67]  Reflection::invoke_method(oopDesc*, Handle, objArrayHandle, Thread*)+0x147
V  [libjvm.so+0x72447b]  JVM_InvokeMethod+0x26b
J 1813  sun.reflect.NativeMethodAccessorImpl.invoke0(Ljava/lang/reflect/Method;Ljava/lang/Object;[Ljava/lang/Object;)Ljava/lang/Object; (0 bytes) @ 0x00007f8f9caf7ced [0x00007f8f9caf7c00+0xed]
J 1812 C1 sun.reflect.NativeMethodAccessorImpl.invoke(Ljava/lang/Object;[Ljava/lang/Object;)Ljava/lang/Object; (104 bytes) @ 0x00007f8f9cafe94c [0x00007f8f9cafd7c0+0x118c]
J 3854 C2 java.lang.reflect.Method.invoke(Ljava/lang/Object;[Ljava/lang/Object;)Ljava/lang/Object; (62 bytes) @ 0x00007f8f9c5e4ab8 [0x00007f8f9c5e4a00+0xb8]
j  org.springsource.loaded.ri.OriginalClassInvoker.invoke(Ljava/lang/Object;[Ljava/lang/Object;)Ljava/lang/Object;+13
J 8103 C1 org.springsource.loaded.ri.ReflectiveInterceptor.jlrMethodInvoke(Ljava/lang/reflect/Method;Ljava/lang/Object;[Ljava/lang/Object;)Ljava/lang/Object; (2214 bytes) @ 0x00007f8f9dbb8794 [0x00007f8f9dbb6ec0+0x18d4]
J 6963 C2 groovy.lang.MetaMethod.doMethodInvoke(Ljava/lang/Object;[Ljava/lang/Object;)Ljava/lang/Object; (22 bytes) @ 0x00007f8f9d9c5c0c [0x00007f8f9d9c5960+0x2ac]
J 6628 C1 groovy.lang.MetaClassImpl.invokeStaticMethod(Ljava/lang/Object;Ljava/lang/String;[Ljava/lang/Object;)Ljava/lang/Object; (316 bytes) @ 0x00007f8f9d491034 [0x00007f8f9d48e6a0+0x2994]
j  groovy.lang.ExpandoMetaClass.invokeStaticMethod(Ljava/lang/Object;Ljava/lang/String;[Ljava/lang/Object;)Ljava/lang/Object;+36
j  org.codehaus.groovy.runtime.InvokerHelper.invokeStaticMethod(Ljava/lang/Class;Ljava/lang/String;Ljava/lang/Object;)Ljava/lang/Object;+17
...<more frames>...


---------------  P R O C E S S  ---------------

Java Threads: ( => current thread )
=>0x00007f8f2c008000 JavaThread "http-bio-8080-exec-4" daemon [_thread_in_Java, id=18958, stack(0x00007f8f4f206000,0x00007f8f4f307000)]
  0x00007f8f14259800 JavaThread "Thread-14" daemon [_thread_in_native, id=18954, stack(0x00007f8f1f7fc000,0x00007f8f1f8fd000)]
  0x00007f8f1000a800 JavaThread "http-bio-8080-exec-3" daemon [_thread_blocked, id=18953, stack(0x00007f8f1fafd000,0x00007f8f1fbfe000)]
  0x00007f8fac00a800 JavaThread "DestroyJavaVM" [_thread_blocked, id=18881, stack(0x00007f8fb1e0c000,0x00007f8fb1f0d000)]
  0x00007f8fac647800 JavaThread "Thread-12" [_thread_blocked, id=18951, stack(0x00007f8f1fbfe000,0x00007f8f1fcff000)]
  0x00007f8f2c006000 JavaThread "http-bio-8080-exec-2" daemon [_thread_blocked, id=18950, stack(0x00007f8f1fcff000,0x00007f8f1fe00000)]
  0x00007f8f2c002000 JavaThread "http-bio-8080-exec-1" daemon [_thread_in_native, id=18949, stack(0x00007f8f4c0c0000,0x00007f8f4c1c1000)]
  0x00007f8fac645000 JavaThread "http-bio-8080-AsyncTimeout" daemon [_thread_blocked, id=18948, stack(0x00007f8f4c1c1000,0x00007f8f4c2c2000)]
  0x00007f8fac644800 JavaThread "http-bio-8080-Acceptor-0" daemon [_thread_in_native, id=18947, stack(0x00007f8f4c3c3000,0x00007f8f4c4c4000)]
  0x00007f8fac641800 JavaThread "ContainerBackgroundProcessor[StandardEngine[Tomcat]]" daemon [_thread_blocked, id=18946, stack(0x00007f8f4c2c2000,0x00007f8f4c3c3000)]
  0x00007f8f45105800 JavaThread "Statistics Thread-__DEFAULT__-1" daemon [_thread_blocked, id=18941, stack(0x00007f8f4ccc4000,0x00007f8f4cdc5000)]
  0x00007f8f450f4000 JavaThread "prueba%0053eguridad%002e%0052ole.data" [_thread_blocked, id=18940, stack(0x00007f8f4d1c5000,0x00007f8f4d2c6000)]
  0x00007f8f45032000 JavaThread "__DEFAULT__" daemon [_thread_blocked, id=18938, stack(0x00007f8f4eb25000,0x00007f8f4ec26000)]
  0x00007f8f44dc3000 JavaThread "Tomcat JDBC Pool Cleaner[549496397:1516060159863]" daemon [_thread_blocked, id=18927, stack(0x00007f8f4ee04000,0x00007f8f4ef05000)]
  0x00007f8f4417e800 JavaThread "FileSystemWatcher: files=#224 cl=groovy.lang.GroovyClassLoader@20c0a64d" daemon [_thread_blocked, id=18926, stack(0x00007f8f4ec26000,0x00007f8f4ed27000)]
  0x00007f8facd45000 JavaThread "Thread-3" [_thread_in_native, id=18923, stack(0x00007f8f4fb38000,0x00007f8f4fc39000)]
  0x00007f8fac7a6000 JavaThread "Thread-2" [_thread_blocked, id=18920, stack(0x00007f8f743fe000,0x00007f8f744ff000)]
  0x00007f8fac554000 JavaThread "NonBlockingInputStreamThread" daemon [_thread_blocked, id=18909, stack(0x00007f8f74aff000,0x00007f8f74c00000)]
  0x00007f8fac310000 JavaThread "Service Thread" daemon [_thread_blocked, id=18895, stack(0x00007f8f7515e000,0x00007f8f7525f000)]
  0x00007f8fac305800 JavaThread "C1 CompilerThread2" daemon [_thread_blocked, id=18894, stack(0x00007f8f7525f000,0x00007f8f75360000)]
  0x00007f8fac2f5000 JavaThread "C2 CompilerThread1" daemon [_thread_in_native, id=18893, stack(0x00007f8f75360000,0x00007f8f75461000)]
  0x00007f8fac2f3800 JavaThread "C2 CompilerThread0" daemon [_thread_in_native, id=18892, stack(0x00007f8f98019000,0x00007f8f9811a000)]
  0x00007f8fac17f800 JavaThread "Signal Dispatcher" daemon [_thread_blocked, id=18891, stack(0x00007f8f98287000,0x00007f8f98388000)]
  0x00007f8fac14c800 JavaThread "Finalizer" daemon [_thread_blocked, id=18890, stack(0x00007f8f98388000,0x00007f8f98489000)]
  0x00007f8fac148000 JavaThread "Reference Handler" daemon [_thread_blocked, id=18889, stack(0x00007f8f98489000,0x00007f8f9858a000)]

Other Threads:
  0x00007f8fac140000 VMThread [stack: 0x00007f8f9858a000,0x00007f8f9868b000] [id=18888]
  0x00007f8fac312800 WatcherThread [stack: 0x00007f8f7505d000,0x00007f8f7515e000] [id=18896]

VM state:not at safepoint (normal execution)

VM Mutex/Monitor currently owned by a thread: None

Heap:
 PSYoungGen      total 204288K, used 182887K [0x00000000f0000000, 0x00000000ff980000, 0x0000000100000000)
  eden space 161280K, 98% used [0x00000000f0000000,0x00000000f9bc6c18,0x00000000f9d80000)
  from space 43008K, 54% used [0x00000000fcf80000,0x00000000fe6531c8,0x00000000ff980000)
  to   space 47104K, 0% used [0x00000000f9d80000,0x00000000f9d80000,0x00000000fcb80000)
 ParOldGen       total 206336K, used 113263K [0x00000000d0000000, 0x00000000dc980000, 0x00000000f0000000)
  object space 206336K, 54% used [0x00000000d0000000,0x00000000d6e9be40,0x00000000dc980000)
 Metaspace       used 73013K, capacity 75600K, committed 75736K, reserved 1116160K
  class space    used 8430K, capacity 9206K, committed 9216K, reserved 1048576K

Card table byte_map: [0x00007f8f9be46000,0x00007f8f9bfc7000] byte_map_base: 0x00007f8f9b7c6000

Marking Bits: (ParMarkBitMap*) 0x00007f8fb12e7c80
 Begin Bits: [0x00007f8f9a142000, 0x00007f8f9ad42000)
 End Bits:   [0x00007f8f9ad42000, 0x00007f8f9b942000)

Polling page: 0x00007f8fb1f35000

CodeCache: size=245760Kb used=24258Kb max_used=24702Kb free=221501Kb
 bounds [0x00007f8f9c387000, 0x00007f8f9dbf7000, 0x00007f8fab387000]
 total_blobs=7424 nmethods=6640 adapters=695
 compilation: enabled

Compilation events (10 events):
Event: 71.293 Thread 0x00007f8fac305800 8402       3       org.codehaus.groovy.reflection.ClassInfo::<init> (88 bytes)
Event: 71.295 Thread 0x00007f8fac305800 nmethod 8402 0x00007f8f9db39590 code [0x00007f8f9db397e0, 0x00007f8f9db3a570]
Event: 71.307 Thread 0x00007f8fac305800 8404   !   3       org.springsource.loaded.TypeRegistry::loadPropertiesConfiguration (388 bytes)
Event: 71.319 Thread 0x00007f8fac305800 nmethod 8404 0x00007f8f9d7d38d0 code [0x00007f8f9d7d4040, 0x00007f8f9d7d97b8]
Event: 71.319 Thread 0x00007f8fac305800 8405       3       org.springsource.loaded.TypeRegistry::processPropertiesConfiguration (348 bytes)
Event: 71.326 Thread 0x00007f8fac305800 nmethod 8405 0x00007f8f9ce24fd0 code [0x00007f8f9ce25640, 0x00007f8f9ce2a188]
Event: 71.326 Thread 0x00007f8fac305800 8406   !   3       org.springsource.loaded.TypeRegistry::loadPlugins (337 bytes)
Event: 71.341 Thread 0x00007f8fac305800 nmethod 8406 0x00007f8f9d3d9cd0 code [0x00007f8f9d3da320, 0x00007f8f9d3decf8]
Event: 71.341 Thread 0x00007f8fac305800 8408       1       org.apache.tomcat.jdbc.pool.JdbcInterceptor::getNext (5 bytes)
Event: 71.341 Thread 0x00007f8fac305800 nmethod 8408 0x00007f8f9db392d0 code [0x00007f8f9db39420, 0x00007f8f9db39530]

GC Heap History (10 events):
Event: 20.254 GC heap before
{Heap before GC invocations=47 (full 5):
 PSYoungGen      total 226304K, used 217615K [0x00000000f0000000, 0x0000000100000000, 0x0000000100000000)
  eden space 195584K, 95% used [0x00000000f0000000,0x00000000fb6da950,0x00000000fbf00000)
  from space 30720K, 98% used [0x00000000fbf00000,0x00000000fdca9618,0x00000000fdd00000)
  to   space 35840K, 0% used [0x00000000fdd00000,0x00000000fdd00000,0x0000000100000000)
 ParOldGen       total 206336K, used 85219K [0x00000000d0000000, 0x00000000dc980000, 0x00000000f0000000)
  object space 206336K, 41% used [0x00000000d0000000,0x00000000d5338f10,0x00000000dc980000)
 Metaspace       used 66380K, capacity 68472K, committed 68824K, reserved 1110016K
  class space    used 7669K, capacity 8345K, committed 8448K, reserved 1048576K
Event: 20.291 GC heap after
Heap after GC invocations=47 (full 5):
 PSYoungGen      total 212992K, used 34370K [0x00000000f0000000, 0x0000000100000000, 0x0000000100000000)
  eden space 177152K, 0% used [0x00000000f0000000,0x00000000f0000000,0x00000000fad00000)
  from space 35840K, 95% used [0x00000000fdd00000,0x00000000ffe90a18,0x0000000100000000)
  to   space 42496K, 0% used [0x00000000fad00000,0x00000000fad00000,0x00000000fd680000)
 ParOldGen       total 206336K, used 85227K [0x00000000d0000000, 0x00000000dc980000, 0x00000000f0000000)
  object space 206336K, 41% used [0x00000000d0000000,0x00000000d533af10,0x00000000dc980000)
 Metaspace       used 66380K, capacity 68472K, committed 68824K, reserved 1110016K
  class space    used 7669K, capacity 8345K, committed 8448K, reserved 1048576K
}
Event: 20.732 GC heap before
{Heap before GC invocations=48 (full 5):
 PSYoungGen      total 212992K, used 205158K [0x00000000f0000000, 0x0000000100000000, 0x0000000100000000)
  eden space 177152K, 96% used [0x00000000f0000000,0x00000000fa6c8fb8,0x00000000fad00000)
  from space 35840K, 95% used [0x00000000fdd00000,0x00000000ffe90a18,0x0000000100000000)
  to   space 42496K, 0% used [0x00000000fad00000,0x00000000fad00000,0x00000000fd680000)
 ParOldGen       total 206336K, used 85227K [0x00000000d0000000, 0x00000000dc980000, 0x00000000f0000000)
  object space 206336K, 41% used [0x00000000d0000000,0x00000000d533af10,0x00000000dc980000)
 Metaspace       used 67804K, capacity 69916K, committed 70232K, reserved 1112064K
  class space    used 7827K, capacity 8471K, committed 8576K, reserved 1048576K
Event: 20.770 GC heap after
Heap after GC invocations=48 (full 5):
 PSYoungGen      total 214016K, used 36824K [0x00000000f0000000, 0x0000000100000000, 0x0000000100000000)
  eden space 177152K, 0% used [0x00000000f0000000,0x00000000f0000000,0x00000000fad00000)
  from space 36864K, 99% used [0x00000000fad00000,0x00000000fd0f63c8,0x00000000fd100000)
  to   space 47104K, 0% used [0x00000000fd200000,0x00000000fd200000,0x0000000100000000)
 ParOldGen       total 206336K, used 85235K [0x00000000d0000000, 0x00000000dc980000, 0x00000000f0000000)
  object space 206336K, 41% used [0x00000000d0000000,0x00000000d533cf10,0x00000000dc980000)
 Metaspace       used 67804K, capacity 69916K, committed 70232K, reserved 1112064K
  class space    used 7827K, capacity 8471K, committed 8576K, reserved 1048576K
}
Event: 21.049 GC heap before
{Heap before GC invocations=49 (full 5):
 PSYoungGen      total 214016K, used 205541K [0x00000000f0000000, 0x0000000100000000, 0x0000000100000000)
  eden space 177152K, 95% used [0x00000000f0000000,0x00000000fa4c30c0,0x00000000fad00000)
  from space 36864K, 99% used [0x00000000fad00000,0x00000000fd0f63c8,0x00000000fd100000)
  to   space 47104K, 0% used [0x00000000fd200000,0x00000000fd200000,0x0000000100000000)
 ParOldGen       total 206336K, used 85235K [0x00000000d0000000, 0x00000000dc980000, 0x00000000f0000000)
  object space 206336K, 41% used [0x00000000d0000000,0x00000000d533cf10,0x00000000dc980000)
 Metaspace       used 68732K, capacity 70830K, committed 71128K, reserved 1112064K
  class space    used 7940K, capacity 8588K, committed 8704K, reserved 1048576K
Event: 21.082 GC heap after
Heap after GC invocations=49 (full 5):
 PSYoungGen      total 205824K, used 38067K [0x00000000f0000000, 0x0000000100000000, 0x0000000100000000)
  eden space 158720K, 0% used [0x00000000f0000000,0x00000000f0000000,0x00000000f9b00000)
  from space 47104K, 80% used [0x00000000fd200000,0x00000000ff72cda8,0x0000000100000000)
  to   space 51712K, 0% used [0x00000000f9b00000,0x00000000f9b00000,0x00000000fcd80000)
 ParOldGen       total 206336K, used 85243K [0x00000000d0000000, 0x00000000dc980000, 0x00000000f0000000)
  object space 206336K, 41% used [0x00000000d0000000,0x00000000d533ef10,0x00000000dc980000)
 Metaspace       used 68732K, capacity 70830K, committed 71128K, reserved 1112064K
  class space    used 7940K, capacity 8588K, committed 8704K, reserved 1048576K
}
Event: 44.231 GC heap before
{Heap before GC invocations=50 (full 5):
 PSYoungGen      total 205824K, used 196787K [0x00000000f0000000, 0x0000000100000000, 0x0000000100000000)
  eden space 158720K, 100% used [0x00000000f0000000,0x00000000f9b00000,0x00000000f9b00000)
  from space 47104K, 80% used [0x00000000fd200000,0x00000000ff72cda8,0x0000000100000000)
  to   space 51712K, 0% used [0x00000000f9b00000,0x00000000f9b00000,0x00000000fcd80000)
 ParOldGen       total 206336K, used 85243K [0x00000000d0000000, 0x00000000dc980000, 0x00000000f0000000)
  object space 206336K, 41% used [0x00000000d0000000,0x00000000d533ef10,0x00000000dc980000)
 Metaspace       used 69781K, capacity 72040K, committed 72280K, reserved 1112064K
  class space    used 8076K, capacity 8749K, committed 8832K, reserved 1048576K
Event: 44.315 GC heap after
Heap after GC invocations=50 (full 5):
 PSYoungGen      total 210432K, used 23165K [0x00000000f0000000, 0x00000000fff80000, 0x0000000100000000)
  eden space 158720K, 0% used [0x00000000f0000000,0x00000000f0000000,0x00000000f9b00000)
  from space 51712K, 44% used [0x00000000f9b00000,0x00000000fb19f520,0x00000000fcd80000)
  to   space 49152K, 0% used [0x00000000fcf80000,0x00000000fcf80000,0x00000000fff80000)
 ParOldGen       total 206336K, used 102247K [0x00000000d0000000, 0x00000000dc980000, 0x00000000f0000000)
  object space 206336K, 49% used [0x00000000d0000000,0x00000000d63d9eb0,0x00000000dc980000)
 Metaspace       used 69781K, capacity 72040K, committed 72280K, reserved 1112064K
  class space    used 8076K, capacity 8749K, committed 8832K, reserved 1048576K
}
Event: 46.223 GC heap before
{Heap before GC invocations=51 (full 5):
 PSYoungGen      total 210432K, used 181885K [0x00000000f0000000, 0x00000000fff80000, 0x0000000100000000)
  eden space 158720K, 100% used [0x00000000f0000000,0x00000000f9b00000,0x00000000f9b00000)
  from space 51712K, 44% used [0x00000000f9b00000,0x00000000fb19f520,0x00000000fcd80000)
  to   space 49152K, 0% used [0x00000000fcf80000,0x00000000fcf80000,0x00000000fff80000)
 ParOldGen       total 206336K, used 102247K [0x00000000d0000000, 0x00000000dc980000, 0x00000000f0000000)
  object space 206336K, 49% used [0x00000000d0000000,0x00000000d63d9eb0,0x00000000dc980000)
 Metaspace       used 71703K, capacity 74066K, committed 74328K, reserved 1114112K
  class space    used 8245K, capacity 8989K, committed 9088K, reserved 1048576K
Event: 46.290 GC heap after
Heap after GC invocations=51 (full 5):
 PSYoungGen      total 204288K, used 23372K [0x00000000f0000000, 0x00000000ff980000, 0x0000000100000000)
  eden space 161280K, 0% used [0x00000000f0000000,0x00000000f0000000,0x00000000f9d80000)
  from space 43008K, 54% used [0x00000000fcf80000,0x00000000fe6531c8,0x00000000ff980000)
  to   space 47104K, 0% used [0x00000000f9d80000,0x00000000f9d80000,0x00000000fcb80000)
 ParOldGen       total 206336K, used 113263K [0x00000000d0000000, 0x00000000dc980000, 0x00000000f0000000)
  object space 206336K, 54% used [0x00000000d0000000,0x00000000d6e9be40,0x00000000dc980000)
 Metaspace       used 71703K, capacity 74066K, committed 74328K, reserved 1114112K
  class space    used 8245K, capacity 8989K, committed 9088K, reserved 1048576K
}

Deoptimization events (10 events):
Event: 46.731 Thread 0x00007f8f4417e800 Uncommon trap: reason=bimorphic action=maybe_recompile pc=0x00007f8f9d084040 method=groovy.lang.MetaClassImpl.makeReplacementMetaProperty(Lgroovy/lang/MetaProperty;Ljava/lang/String;ZLgroovy/lang/MetaMethod;)Lgroovy/lang/MetaProperty; @ 14
Event: 46.731 Thread 0x00007f8f4417e800 Uncommon trap: reason=bimorphic action=maybe_recompile pc=0x00007f8f9dabf0f8 method=groovy.lang.MetaClassImpl.filterPropertyMethod(Ljava/lang/Object;ZZ)Ljava/lang/Object; @ 17
Event: 46.732 Thread 0x00007f8f4417e800 Uncommon trap: reason=class_check action=maybe_recompile pc=0x00007f8f9d8d485c method=groovy.lang.MetaClassImpl.checkIfStdMethod(Lgroovy/lang/MetaMethod;)V @ 59
Event: 46.732 Thread 0x00007f8f4417e800 Uncommon trap: reason=class_check action=maybe_recompile pc=0x00007f8f9d8d485c method=groovy.lang.MetaClassImpl.checkIfStdMethod(Lgroovy/lang/MetaMethod;)V @ 59
Event: 71.078 Thread 0x00007f8f2c008000 Uncommon trap: reason=bimorphic action=maybe_recompile pc=0x00007f8f9d8d4ba8 method=org.codehaus.groovy.runtime.metaclass.MetaMethodIndex.addMethodToList(Ljava/lang/Object;Lgroovy/lang/MetaMethod;)Ljava/lang/Object; @ 213
Event: 71.092 Thread 0x00007f8f2c008000 Uncommon trap: reason=bimorphic action=maybe_recompile pc=0x00007f8f9dabf0f8 method=groovy.lang.MetaClassImpl.filterPropertyMethod(Ljava/lang/Object;ZZ)Ljava/lang/Object; @ 17
Event: 71.118 Thread 0x00007f8f2c008000 Uncommon trap: reason=unstable_if action=reinterpret pc=0x00007f8f9cbfbc2c method=java.lang.reflect.Proxy.isProxyClass(Ljava/lang/Class;)Z @ 6
Event: 71.119 Thread 0x00007f8f2c008000 Uncommon trap: reason=unstable_if action=reinterpret pc=0x00007f8f9c529244 method=java.lang.reflect.Proxy.isProxyClass(Ljava/lang/Class;)Z @ 6
Event: 71.123 Thread 0x00007f8f2c008000 Uncommon trap: reason=bimorphic action=maybe_recompile pc=0x00007f8f9d9c1b04 method=java.util.regex.Pattern$Branch.match(Ljava/util/regex/Matcher;ILjava/lang/CharSequence;)Z @ 32
Event: 71.151 Thread 0x00007f8f2c008000 Uncommon trap: reason=unstable_if action=reinterpret pc=0x00007f8f9cc55dec method=java.util.regex.Pattern.RemoveQEQuoting()V @ 199

Internal exceptions (10 events):
Event: 71.280 Thread 0x00007f8f2c008000 Exception <a 'java/lang/ClassNotFoundException': org/codehaus/groovy/grails/web/util/ClassAndMimeTypeRegistry$_findRegisteredObjectForType_closure1BeanInfo> (0x00000000f8ef9b08) thrown at [/HUDSON3/workspace/8-2-build-linux-amd64/jdk8u121/8372/hotspot/src
Event: 71.281 Thread 0x00007f8f2c008000 Exception <a 'java/lang/ClassNotFoundException': org/codehaus/groovy/grails/web/util/ClassAndMimeTypeRegistry$_findRegisteredObjectForType_closure1Customizer> (0x00000000f8f96ad8) thrown at [/HUDSON3/workspace/8-2-build-linux-amd64/jdk8u121/8372/hotspot/s
Event: 71.287 Thread 0x00007f8f2c008000 Exception <a 'java/lang/ClassNotFoundException': org/codehaus/groovy/grails/web/util/ClassAndMimeTypeRegistry$_findRegisteredObjectForType_closure1$_closure3BeanInfo> (0x00000000f90adda0) thrown at [/HUDSON3/workspace/8-2-build-linux-amd64/jdk8u121/8372/h
Event: 71.289 Thread 0x00007f8f2c008000 Exception <a 'java/lang/ClassNotFoundException': org/codehaus/groovy/grails/web/util/ClassAndMimeTypeRegistry$_findRegisteredObjectForType_closure1$_closure3Customizer> (0x00000000f9155478) thrown at [/HUDSON3/workspace/8-2-build-linux-amd64/jdk8u121/8372
Event: 71.296 Thread 0x00007f8f2c008000 Exception <a 'java/lang/ClassNotFoundException': org/codehaus/groovy/grails/web/util/ClassAndMimeTypeRegistry$_findRegisteredObjectForType_closure2BeanInfo> (0x00000000f925c388) thrown at [/HUDSON3/workspace/8-2-build-linux-amd64/jdk8u121/8372/hotspot/src
Event: 71.298 Thread 0x00007f8f2c008000 Exception <a 'java/lang/ClassNotFoundException': org/codehaus/groovy/grails/web/util/ClassAndMimeTypeRegistry$_findRegisteredObjectForType_closure2Customizer> (0x00000000f92f92e0) thrown at [/HUDSON3/workspace/8-2-build-linux-amd64/jdk8u121/8372/hotspot/s
Event: 71.304 Thread 0x00007f8f2c008000 Exception <a 'java/lang/ClassNotFoundException': org/codehaus/groovy/grails/web/util/ClassAndMimeTypeRegistry$_findRegisteredObjectForType_closure2$_closure4BeanInfo> (0x00000000f940d1f8) thrown at [/HUDSON3/workspace/8-2-build-linux-amd64/jdk8u121/8372/h
Event: 71.306 Thread 0x00007f8f2c008000 Exception <a 'java/lang/ClassNotFoundException': org/codehaus/groovy/grails/web/util/ClassAndMimeTypeRegistry$_findRegisteredObjectForType_closure2$_closure4Customizer> (0x00000000f94b48e0) thrown at [/HUDSON3/workspace/8-2-build-linux-amd64/jdk8u121/8372
Event: 71.314 Thread 0x00007f8f2c008000 Exception <a 'java/lang/ClassNotFoundException': org/grails/databinding/SimpleMapDataBindingSourceBeanInfo> (0x00000000f9590e58) thrown at [/HUDSON3/workspace/8-2-build-linux-amd64/jdk8u121/8372/hotspot/src/share/vm/classfile/systemDictionary.cpp, line 21
Event: 71.315 Thread 0x00007f8f2c008000 Exception <a 'java/lang/ClassNotFoundException': org/grails/databinding/SimpleMapDataBindingSourceCustomizer> (0x00000000f95f7f88) thrown at [/HUDSON3/workspace/8-2-build-linux-amd64/jdk8u121/8372/hotspot/src/share/vm/classfile/systemDictionary.cpp, line 

Events (10 events):
Event: 71.372 loading class org/hibernate/internal/CoreMessageLogger_$logger_es
Event: 71.372 loading class org/hibernate/internal/CoreMessageLogger_$logger_es done
Event: 71.372 loading class org/hibernate/loader/plan/exec/process/internal/HydratedEntityRegistration
Event: 71.372 loading class org/hibernate/loader/plan/exec/process/internal/HydratedEntityRegistration done
Event: 71.373 loading class org/hibernate/bytecode/instrumentation/spi/LazyPropertyInitializer$1
Event: 71.373 loading class org/hibernate/bytecode/instrumentation/spi/LazyPropertyInitializer$1 done
Event: 71.374 loading class org/hibernate/property/BackrefPropertyAccessor
Event: 71.374 loading class org/hibernate/property/BackrefPropertyAccessor done
Event: 71.375 loading class org/hibernate/property/BackrefPropertyAccessor$1
Event: 71.375 loading class org/hibernate/property/BackrefPropertyAccessor$1 done


Dynamic libraries:
00400000-00401000 r-xp 00000000 fd:00 2625067                            /usr/java/jdk1.8.0_121/bin/java
00600000-00601000 rw-p 00000000 fd:00 2625067                            /usr/java/jdk1.8.0_121/bin/java
00ba2000-00bc3000 rw-p 00000000 00:00 0                                  [heap]
d0000000-dc980000 rw-p 00000000 00:00 0 
dc980000-f0000000 ---p 00000000 00:00 0 
f0000000-ff980000 rw-p 00000000 00:00 0 
ff980000-100000000 ---p 00000000 00:00 0 
100000000-100900000 rw-p 00000000 00:00 0 
100900000-140000000 ---p 00000000 00:00 0 
7f8f10000000-7f8f10021000 rw-p 00000000 00:00 0 
7f8f10021000-7f8f14000000 ---p 00000000 00:00 0 
7f8f14000000-7f8f14ea1000 rw-p 00000000 00:00 0 
7f8f14ea1000-7f8f18000000 ---p 00000000 00:00 0 
7f8f18000000-7f8f18021000 rw-p 00000000 00:00 0 
7f8f18021000-7f8f1c000000 ---p 00000000 00:00 0 
7f8f1f3fc000-7f8f1f4fc000 rw-p 00000000 00:00 0 
7f8f1f4fc000-7f8f1f5fc000 ---p 00000000 00:00 0 
7f8f1f5fc000-7f8f1f7fc000 rw-p 00000000 00:00 0 
7f8f1f7fc000-7f8f1f7ff000 ---p 00000000 00:00 0 
7f8f1f7ff000-7f8f1fafd000 rw-p 00000000 00:00 0 
7f8f1fafd000-7f8f1fb00000 ---p 00000000 00:00 0 
7f8f1fb00000-7f8f1fbfe000 rw-p 00000000 00:00 0 
7f8f1fbfe000-7f8f1fc01000 ---p 00000000 00:00 0 
7f8f1fc01000-7f8f1fcff000 rw-p 00000000 00:00 0 
7f8f1fcff000-7f8f1fd02000 ---p 00000000 00:00 0 
7f8f1fd02000-7f8f20000000 rw-p 00000000 00:00 0 
7f8f20000000-7f8f20021000 rw-p 00000000 00:00 0 
7f8f20021000-7f8f24000000 ---p 00000000 00:00 0 
7f8f24000000-7f8f24021000 rw-p 00000000 00:00 0 
7f8f24021000-7f8f28000000 ---p 00000000 00:00 0 
7f8f28000000-7f8f28021000 rw-p 00000000 00:00 0 
7f8f28021000-7f8f2c000000 ---p 00000000 00:00 0 
7f8f2c000000-7f8f2c021000 rw-p 00000000 00:00 0 
7f8f2c021000-7f8f30000000 ---p 00000000 00:00 0 
7f8f30000000-7f8f30021000 rw-p 00000000 00:00 0 
7f8f30021000-7f8f34000000 ---p 00000000 00:00 0 
7f8f34000000-7f8f34021000 rw-p 00000000 00:00 0 
7f8f34021000-7f8f38000000 ---p 00000000 00:00 0 
7f8f38000000-7f8f3830b000 rw-p 00000000 00:00 0 
7f8f3830b000-7f8f3c000000 ---p 00000000 00:00 0 
7f8f3c000000-7f8f3c021000 rw-p 00000000 00:00 0 
7f8f3c021000-7f8f40000000 ---p 00000000 00:00 0 
7f8f40000000-7f8f40021000 rw-p 00000000 00:00 0 
7f8f40021000-7f8f44000000 ---p 00000000 00:00 0 
7f8f44000000-7f8f4575a000 rw-p 00000000 00:00 0 
7f8f4575a000-7f8f48000000 ---p 00000000 00:00 0 
7f8f48000000-7f8f48039000 rw-p 00000000 00:00 0 
7f8f48039000-7f8f4c000000 ---p 00000000 00:00 0 
7f8f4c0c0000-7f8f4c0c3000 ---p 00000000 00:00 0 
7f8f4c0c3000-7f8f4c1c1000 rw-p 00000000 00:00 0 
7f8f4c1c1000-7f8f4c1c4000 ---p 00000000 00:00 0 
7f8f4c1c4000-7f8f4c2c2000 rw-p 00000000 00:00 0 
7f8f4c2c2000-7f8f4c2c5000 ---p 00000000 00:00 0 
7f8f4c2c5000-7f8f4c3c3000 rw-p 00000000 00:00 0 
7f8f4c3c3000-7f8f4c3c6000 ---p 00000000 00:00 0 
7f8f4c3c6000-7f8f4c6c4000 rw-p 00000000 00:00 0 
7f8f4c6c4000-7f8f4c8c4000 rw-p 00000000 00:00 0 
7f8f4c8c4000-7f8f4cac4000 rw-p 00000000 00:00 0 
7f8f4cac4000-7f8f4ccc4000 rw-p 00000000 00:00 0 
7f8f4ccc4000-7f8f4ccc7000 ---p 00000000 00:00 0 
7f8f4ccc7000-7f8f4cfc5000 rw-p 00000000 00:00 0 
7f8f4cfc5000-7f8f4d1c5000 rw-p 00000000 00:00 0 
7f8f4d1c5000-7f8f4d1c8000 ---p 00000000 00:00 0 
7f8f4d1c8000-7f8f4d4c6000 rw-p 00000000 00:00 0 
7f8f4d4c6000-7f8f4d6c6000 rw-p 00000000 00:00 0 
7f8f4d6c6000-7f8f4d8c6000 rw-p 00000000 00:00 0 
7f8f4d8c6000-7f8f4dac6000 rw-p 00000000 00:00 0 
7f8f4dbc4000-7f8f4ddc4000 rw-p 00000000 00:00 0 
7f8f4ddc4000-7f8f4dfc4000 rw-p 00000000 00:00 0 
7f8f4e048000-7f8f4e248000 rw-p 00000000 00:00 0 
7f8f4e248000-7f8f4e43e000 rw-p 00000000 00:00 0 
7f8f4e43e000-7f8f4e448000 ---p 00000000 00:00 0 
7f8f4e448000-7f8f4e648000 rw-p 00000000 00:00 0 
7f8f4e648000-7f8f4e848000 rw-p 00000000 00:00 0 
7f8f4e848000-7f8f4ea48000 rw-p 00000000 00:00 0 
7f8f4eb25000-7f8f4eb28000 ---p 00000000 00:00 0 
7f8f4eb28000-7f8f4ec26000 rw-p 00000000 00:00 0 
7f8f4ec26000-7f8f4ec29000 ---p 00000000 00:00 0 
7f8f4ec29000-7f8f4ed27000 rw-p 00000000 00:00 0 
7f8f4edff000-7f8f4ee04000 r--s 002f8000 fd:00 2625778                    /usr/java/jdk1.8.0_121/jre/lib/charsets.jar
7f8f4ee04000-7f8f4ee07000 ---p 00000000 00:00 0 
7f8f4ee07000-7f8f4f105000 rw-p 00000000 00:00 0 
7f8f4f105000-7f8f4f108000 ---p 00000000 00:00 0 
7f8f4f108000-7f8f4f206000 rw-p 00000000 00:00 0 
7f8f4f206000-7f8f4f209000 ---p 00000000 00:00 0 
7f8f4f209000-7f8f4f507000 rw-p 00000000 00:00 0 
7f8f4f507000-7f8f4f518000 r-xp 00000000 fd:00 2625689                    /usr/java/jdk1.8.0_121/jre/lib/amd64/libnio.so
7f8f4f518000-7f8f4f717000 ---p 00011000 fd:00 2625689                    /usr/java/jdk1.8.0_121/jre/lib/amd64/libnio.so
7f8f4f717000-7f8f4f718000 rw-p 00010000 fd:00 2625689                    /usr/java/jdk1.8.0_121/jre/lib/amd64/libnio.so
7f8f4f718000-7f8f4f721000 r-xp 00000000 fd:00 2625686                    /usr/java/jdk1.8.0_121/jre/lib/amd64/libmanagement.so
7f8f4f721000-7f8f4f920000 ---p 00009000 fd:00 2625686                    /usr/java/jdk1.8.0_121/jre/lib/amd64/libmanagement.so
7f8f4f920000-7f8f4f921000 rw-p 00008000 fd:00 2625686                    /usr/java/jdk1.8.0_121/jre/lib/amd64/libmanagement.so
7f8f4f921000-7f8f4f937000 r-xp 00000000 fd:00 2625688                    /usr/java/jdk1.8.0_121/jre/lib/amd64/libnet.so
7f8f4f937000-7f8f4fb37000 ---p 00016000 fd:00 2625688                    /usr/java/jdk1.8.0_121/jre/lib/amd64/libnet.so
7f8f4fb37000-7f8f4fb38000 rw-p 00016000 fd:00 2625688                    /usr/java/jdk1.8.0_121/jre/lib/amd64/libnet.so
7f8f4fb38000-7f8f4fb3b000 ---p 00000000 00:00 0 
7f8f4fb3b000-7f8f4fe39000 rw-p 00000000 00:00 0 
7f8f4fe39000-7f8f4fe4e000 r--s 000ff000 fd:00 2625798                    /usr/java/jdk1.8.0_121/jre/lib/resources.jar
7f8f4fe4e000-7f8f4fe51000 r--s 00012000 fd:02 8128988                    /home/estadias02/.sdkman/candidates/grails/2.5.6/lib/javax.servlet/javax.servlet-api/jars/javax.servlet-api-3.0.1.jar
7f8f4fe51000-7f8f4fe57000 r--s 00033000 fd:02 12453998                   /home/estadias02/.sdkman/candidates/grails/2.5.6/dist/grails-project-api-2.5.6.jar
7f8f4fe57000-7f8f4fe5f000 r--s 00065000 fd:02 21103941                   /home/estadias02/.m2/repository/com/esotericsoftware/kryo/kryo/2.22/kryo-2.22.jar
7f8f4fe5f000-7f8f4fe62000 r--s 0000e000 fd:02 21103939                   /home/estadias02/.m2/repository/de/javakaffee/kryo-serializers/0.26/kryo-serializers-0.26.jar
7f8f4fe62000-7f8f4fe6c000 r--s 0004c000 fd:02 13241021                   /home/estadias02/.m2/repository/org/springframework/security/spring-security-web/3.2.9.RELEASE/spring-security-web-3.2.9.RELEASE.jar
7f8f4fe6c000-7f8f4fe77000 r--s 00050000 fd:02 13633950                   /home/estadias02/.m2/repository/org/springframework/security/spring-security-core/3.2.9.RELEASE/spring-security-core-3.2.9.RELEASE.jar
7f8f4fe77000-7f8f4fe88000 r--s 000d2000 fd:02 12451901                   /home/estadias02/.m2/repository/org/liquibase/liquibase-core/2.0.5/liquibase-core-2.0.5.jar
7f8f4fe88000-7f8f4fe8e000 r--s 0004c000 fd:02 12451994                   /home/estadias02/.sdkman/candidates/grails/2.5.6/lib/org.grails/grails-datastore-simple/jars/grails-datastore-simple-3.1.5.RELEASE.jar
7f8f4fe8e000-7f8f4fe93000 r--s 00048000 fd:02 7734078                    /home/estadias02/.m2/repository/dom4j/dom4j/1.6.1/dom4j-1.6.1.jar
7f8f4fe93000-7f8f4fe94000 r--s 00002000 fd:02 13108217                   /home/estadias02/.m2/repository/org/jboss/logging/jboss-logging-annotations/1.2.0.Beta1/jboss-logging-annotations-1.2.0.Beta1.jar
7f8f4fe94000-7f8f4fe97000 r--s 00010000 fd:02 7734082                    /home/estadias02/.m2/repository/org/hibernate/common/hibernate-commons-annotations/4.0.4.Final/hibernate-commons-annotations-4.0.4.Final.jar
7f8f4fe97000-7f8f4fe9f000 r--s 00054000 fd:02 13241125                   /home/estadias02/.m2/repository/org/springframework/spring-orm/4.1.9.RELEASE/spring-orm-4.1.9.RELEASE.jar
7f8f4fe9f000-7f8f4fea1000 r--s 0000a000 fd:02 12325068                   /home/estadias02/.m2/repository/org/grails/grails-datastore-gorm-plugin-support/3.1.5.RELEASE/grails-datastore-gorm-plugin-support-3.1.5.RELEASE.jar
7f8f4fea1000-7f8f4fea7000 r--s 00041000 fd:02 12325066                   /home/estadias02/.m2/repository/org/grails/grails-datastore-gorm-hibernate-core/3.1.5.RELEASE/grails-datastore-gorm-hibernate-core-3.1.5.RELEASE.jar
7f8f4fea7000-7f8f4feaf000 r--s 00062000 fd:02 12325064                   /home/estadias02/.m2/repository/org/grails/grails-datastore-gorm-hibernate4/3.1.5.RELEASE/grails-datastore-gorm-hibernate4-3.1.5.RELEASE.jar
7f8f4feaf000-7f8f4feb9000 r--s 00080000 fd:02 12451991                   /home/estadias02/.sdkman/candidates/grails/2.5.6/lib/org.grails/grails-datastore-gorm/jars/grails-datastore-gorm-3.1.5.RELEASE.jar
7f8f4feb9000-7f8f4fec4000 r--s 00054000 fd:02 12451988                   /home/estadias02/.sdkman/candidates/grails/2.5.6/lib/org.grails/grails-datastore-core/jars/grails-datastore-core-3.1.5.RELEASE.jar
7f8f4fec4000-7f8f4ff9c000 r--s 007c3000 fd:02 12845164                   /home/estadias02/.m2/repository/net/sf/ehcache/ehcache/2.9.0/ehcache-2.9.0.jar
7f8f4ff9c000-7f8f4ffa1000 r--s 00068000 fd:02 7734086                    /home/estadias02/.m2/repository/antlr/antlr/2.7.7/antlr-2.7.7.jar
7f8f4ffa1000-7f8f50000000 r--s 004ab000 fd:02 12325062                   /home/estadias02/.m2/repository/org/hibernate/hibernate-core/4.3.10.Final/hibernate-core-4.3.10.Final.jar
7f8f50000000-7f8f50021000 rw-p 00000000 00:00 0 
7f8f50021000-7f8f54000000 ---p 00000000 00:00 0 
7f8f54000000-7f8f54034000 rw-p 00000000 00:00 0 
7f8f54034000-7f8f58000000 ---p 00000000 00:00 0 
7f8f58000000-7f8f58021000 rw-p 00000000 00:00 0 
7f8f58021000-7f8f5c000000 ---p 00000000 00:00 0 
7f8f5c000000-7f8f5c674000 rw-p 00000000 00:00 0 
7f8f5c674000-7f8f60000000 ---p 00000000 00:00 0 
7f8f60000000-7f8f611e6000 rw-p 00000000 00:00 0 
7f8f611e6000-7f8f64000000 ---p 00000000 00:00 0 
7f8f64000000-7f8f64021000 rw-p 00000000 00:00 0 
7f8f64021000-7f8f68000000 ---p 00000000 00:00 0 
7f8f68000000-7f8f69b87000 rw-p 00000000 00:00 0 
7f8f69b87000-7f8f6c000000 ---p 00000000 00:00 0 
7f8f6c000000-7f8f6e547000 rw-p 00000000 00:00 0 
7f8f6e547000-7f8f70000000 ---p 00000000 00:00 0 
7f8f70000000-7f8f70021000 rw-p 00000000 00:00 0 
7f8f70021000-7f8f74000000 ---p 00000000 00:00 0 
7f8f74000000-7f8f74002000 r--s 0000d000 fd:02 13372055                   /home/estadias02/.m2/repository/org/jboss/logging/jboss-logging/3.1.0.GA/jboss-logging-3.1.0.GA.jar
7f8f74002000-7f8f74004000 r--s 00011000 fd:02 13239857                   /home/estadias02/.m2/repository/org/jboss/jandex/1.1.0.Final/jandex-1.1.0.Final.jar
7f8f74004000-7f8f74005000 r--s 00006000 fd:02 13239855                   /home/estadias02/.m2/repository/org/jboss/spec/javax/transaction/jboss-transaction-api_1.2_spec/1.0.0.Final/jboss-transaction-api_1.2_spec-1.0.0.Final.jar
7f8f74005000-7f8f74009000 r--s 0001e000 fd:02 12325055                   /home/estadias02/.m2/repository/org/hibernate/hibernate-ehcache/4.3.10.Final/hibernate-ehcache-4.3.10.Final.jar
7f8f74009000-7f8f7400b000 r--s 0000d000 fd:02 13108215                   /home/estadias02/.m2/repository/com/fasterxml/classmate/1.0.0/classmate-1.0.0.jar
7f8f7400b000-7f8f7400f000 r--s 0000c000 fd:02 13108211                   /home/estadias02/.m2/repository/javax/validation/validation-api/1.1.0.Final/validation-api-1.1.0.Final.jar
7f8f7400f000-7f8f7401d000 r--s 0008d000 fd:02 7733364                    /home/estadias02/.m2/repository/org/hibernate/hibernate-validator/5.1.3.Final/hibernate-validator-5.1.3.Final.jar
7f8f7401d000-7f8f7401f000 r--s 0000d000 fd:02 13240180                   /home/estadias02/.m2/repository/commons-logging/commons-logging/1.1.1/commons-logging-1.1.1.jar
7f8f7401f000-7f8f74022000 r--s 00006000 fd:02 8128792                    /home/estadias02/.sdkman/candidates/grails/2.5.6/lib/com.google.code.findbugs/jsr305/jars/jsr305-1.3.9.jar
7f8f74022000-7f8f7402a000 r--s 0007b000 fd:02 13107487                   /home/estadias02/.m2/repository/com/google/protobuf/protobuf-java/2.5.0/protobuf-java-2.5.0.jar
7f8f7402a000-7f8f74055000 r--s 001fc000 fd:02 13240730                   /home/estadias02/.m2/repository/com/google/guava/guava/18.0/guava-18.0.jar
7f8f74055000-7f8f74058000 r--s 00010000 fd:02 12325058                   /home/estadias02/.m2/repository/args4j/args4j/2.0.26/args4j-2.0.26.jar
7f8f74058000-7f8f74059000 r--s 0001c000 fd:02 13107485                   /home/estadias02/.m2/repository/com/google/javascript/closure-compiler-externs/v20141023/closure-compiler-externs-v20141023.jar
7f8f74059000-7f8f7408a000 r--s 002cc000 fd:02 13107483                   /home/estadias02/.m2/repository/com/google/javascript/closure-compiler/v20141023/closure-compiler-v20141023.jar
7f8f7408a000-7f8f7408e000 r--s 00035000 fd:02 13107472                   /home/estadias02/.m2/repository/com/bertramlabs/plugins/asset-pipeline-core/2.5.5/asset-pipeline-core-2.5.5.jar
7f8f7408e000-7f8f7409b000 r--s 00109000 fd:02 12325056                   /home/estadias02/.m2/repository/org/mozilla/rhino/1.7R4/rhino-1.7R4.jar
7f8f7409b000-7f8f740a4000 r--s 000a5000 fd:02 12325054                   /home/estadias02/.m2/repository/org/javassist/javassist/3.17.1-GA/javassist-3.17.1-GA.jar
7f8f740a4000-7f8f740aa000 r--s 0008a000 fd:02 8128505                    /home/estadias02/.m2/repository/org/postgresql/postgresql/9.3-1101-jdbc41/postgresql-9.3-1101-jdbc41.jar
7f8f740aa000-7f8f740ac000 r--s 00088000 fd:02 12454019                   /home/estadias02/.sdkman/candidates/grails/2.5.6/dist/grails-resources-2.5.6.jar
7f8f740ac000-7f8f740b9000 r--s 00189000 fd:02 8128818                    /home/estadias02/.sdkman/candidates/grails/2.5.6/lib/com.h2database/h2/jars/h2-1.3.176.jar
7f8f740b9000-7f8f740be000 r--s 0001e000 fd:02 12452738                   /home/estadias02/.sdkman/candidates/grails/2.5.6/dist/grails-plugin-converters-2.5.6.jar
7f8f740be000-7f8f740c1000 r--s 00016000 fd:02 12452801                   /home/estadias02/.sdkman/candidates/grails/2.5.6/dist/grails-plugin-domain-class-2.5.6.jar
7f8f740c1000-7f8f740c3000 r--s 0000a000 fd:02 12452906                   /home/estadias02/.sdkman/candidates/grails/2.5.6/dist/grails-plugin-mimetypes-2.5.6.jar
7f8f740c3000-7f8f740c4000 r--s 0000e000 fd:02 8129147                    /home/estadias02/.sdkman/candidates/grails/2.5.6/lib/org.codehaus.jsr166-mirror/jsr166y/jars/jsr166y-1.7.0.jar
7f8f740c4000-7f8f740e0000 r--s 00136000 fd:02 8129133                    /home/estadias02/.sdkman/candidates/grails/2.5.6/lib/org.codehaus.gpars/gpars/jars/gpars-1.2.1.jar
7f8f740e0000-7f8f740e2000 r--s 0000c000 fd:02 12452528                   /home/estadias02/.sdkman/candidates/grails/2.5.6/dist/grails-async-2.5.6.jar
7f8f740e2000-7f8f740e4000 r--s 0000a000 fd:02 12452675                   /home/estadias02/.sdkman/candidates/grails/2.5.6/dist/grails-plugin-async-2.5.6.jar
7f8f740e4000-7f8f740e8000 r--s 00028000 fd:02 8128950                    /home/estadias02/.sdkman/candidates/grails/2.5.6/lib/commons-validator/commons-validator/jars/commons-validator-1.4.0.jar
7f8f740e8000-7f8f740ea000 r--s 00014000 fd:02 12455704                   /home/estadias02/.sdkman/candidates/grails/2.5.6/dist/grails-validation-2.5.6.jar
7f8f740ea000-7f8f740ee000 r--s 00019000 fd:02 8128811                    /home/estadias02/.sdkman/candidates/grails/2.5.6/lib/com.googlecode.concurrentlinkedhashmap/concurrentlinkedhashmap-lru/jars/concurrentlinkedhashmap-lru-1.4.jar
7f8f740ee000-7f8f740f0000 r--s 0000c000 fd:02 12453956                   /home/estadias02/.sdkman/candidates/grails/2.5.6/dist/grails-plugin-url-mappings-2.5.6.jar
7f8f740f0000-7f8f740f2000 r--s 00004000 fd:02 12453914                   /home/estadias02/.sdkman/candidates/grails/2.5.6/dist/grails-plugin-servlets-2.5.6.jar
7f8f740f2000-7f8f740f9000 r--s 00037000 fd:02 12452132                   /home/estadias02/.sdkman/candidates/grails/2.5.6/lib/org.springframework/spring-tx/jars/spring-tx-4.1.9.RELEASE.jar
7f8f740f9000-7f8f740fa000 r--s 00008000 fd:02 12453893                   /home/estadias02/.sdkman/candidates/grails/2.5.6/dist/grails-plugin-services-2.5.6.jar
7f8f740fa000-7f8f740fc000 r--s 00000000 fd:02 12452038                   /home/estadias02/.sdkman/candidates/grails/2.5.6/lib/org.slf4j/jul-to-slf4j/jars/jul-to-slf4j-1.7.21.jar
7f8f740fc000-7f8f740fd000 r--s 00000000 fd:02 12452654                   /home/estadias02/.sdkman/candidates/grails/2.5.6/dist/grails-logging-2.5.6.jar
7f8f740fd000-7f8f74103000 r--s 00033000 fd:02 8128911                    /home/estadias02/.sdkman/candidates/grails/2.5.6/lib/commons-codec/commons-codec/jars/commons-codec-1.6.jar
7f8f74103000-7f8f74113000 r--s 000a1000 fd:02 12452138                   /home/estadias02/.sdkman/candidates/grails/2.5.6/lib/org.springframework/spring-web/jars/spring-web-4.1.9.RELEASE.jar
7f8f74113000-7f8f74118000 r--s 0002a000 fd:02 12452633                   /home/estadias02/.sdkman/candidates/grails/2.5.6/dist/grails-encoder-2.5.6.jar
7f8f74118000-7f8f7411a000 r--s 0000e000 fd:02 12452696                   /home/estadias02/.sdkman/candidates/grails/2.5.6/dist/grails-plugin-codecs-2.5.6.jar
7f8f7411a000-7f8f7411b000 r--s 0000a000 fd:02 12455851                   /home/estadias02/.sdkman/candidates/grails/2.5.6/dist/grails-web-gsp-taglib-2.5.6.jar
7f8f7411b000-7f8f74121000 r--s 0004c000 fd:02 12452843                   /home/estadias02/.sdkman/candidates/grails/2.5.6/dist/grails-plugin-gsp-2.5.6.jar
7f8f74121000-7f8f74123000 r--s 00009000 fd:02 12452822                   /home/estadias02/.sdkman/candidates/grails/2.5.6/dist/grails-plugin-filters-2.5.6.jar
7f8f74123000-7f8f74128000 r--s 00041000 fd:02 8128945                    /home/estadias02/.sdkman/candidates/grails/2.5.6/lib/commons-lang/commons-lang/jars/commons-lang-2.6.jar
7f8f74128000-7f8f74129000 r--s 00004000 fd:02 12452864                   /home/estadias02/.sdkman/candidates/grails/2.5.6/dist/grails-plugin-i18n-2.5.6.jar
7f8f74129000-7f8f7412a000 r--s 00009000 fd:02 12454063                   /home/estadias02/.sdkman/candidates/grails/2.5.6/dist/grails-spring-2.5.6.jar
7f8f7412a000-7f8f7412c000 r--s 00000000 fd:02 8128663                    /home/estadias02/.sdkman/candidates/grails/2.5.6/lib/aopalliance/aopalliance/jars/aopalliance-1.0.jar
7f8f7412c000-7f8f74139000 r--s 000a1000 fd:02 12452093                   /home/estadias02/.sdkman/candidates/grails/2.5.6/lib/org.springframework/spring-beans/jars/spring-beans-4.1.9.RELEASE.jar
7f8f74139000-7f8f7413e000 r--s 00017000 fd:02 12452014                   /home/estadias02/.sdkman/candidates/grails/2.5.6/lib/org.hibernate.javax.persistence/hibernate-jpa-2.1-api/jars/hibernate-jpa-2.1-api-1.0.0.Final.jar
7f8f7413e000-7f8f74153000 r--s 000e2000 fd:02 12452108                   /home/estadias02/.sdkman/candidates/grails/2.5.6/lib/org.springframework/spring-core/jars/spring-core-4.1.9.RELEASE.jar
7f8f74153000-7f8f74157000 r--s 00040000 fd:02 12452167                   /home/estadias02/.sdkman/candidates/grails/2.5.6/lib/xalan/serializer/jars/serializer-2.7.2.jar
7f8f74157000-7f8f74164000 r--s 00096000 fd:02 12452570                   /home/estadias02/.sdkman/candidates/grails/2.5.6/dist/grails-core-2.5.6.jar
7f8f74164000-7f8f74165000 r--s 00004000 fd:02 12452759                   /home/estadias02/.sdkman/candidates/grails/2.5.6/dist/grails-plugin-databinding-2.5.6.jar
7f8f74165000-7f8f7416a000 r--s 0002a000 fd:02 8128796                    /home/estadias02/.sdkman/candidates/grails/2.5.6/lib/com.google.code.gson/gson/jars/gson-2.2.4.jar
7f8f7416a000-7f8f7416f000 r--s 0003b000 fd:02 12452114                   /home/estadias02/.sdkman/candidates/grails/2.5.6/lib/org.springframework/spring-expression/jars/spring-expression-4.1.9.RELEASE.jar
7f8f7416f000-7f8f74178000 r--s 0004f000 fd:02 12452084                   /home/estadias02/.sdkman/candidates/grails/2.5.6/lib/org.springframework/spring-aop/jars/spring-aop-4.1.9.RELEASE.jar
7f8f74178000-7f8f74190000 r--s 000e3000 fd:02 12452099                   /home/estadias02/.sdkman/candidates/grails/2.5.6/lib/org.springframework/spring-context/jars/spring-context-4.1.9.RELEASE.jar
7f8f74190000-7f8f7419a000 r--s 0005f000 fd:02 12452120                   /home/estadias02/.sdkman/candidates/grails/2.5.6/lib/org.springframework/spring-jdbc/jars/spring-jdbc-4.1.9.RELEASE.jar
7f8f7419a000-7f8f7419c000 r--s 00008000 fd:02 8129106                    /home/estadias02/.sdkman/candidates/grails/2.5.6/lib/org.apache.tomcat/tomcat-juli/jars/tomcat-juli-7.0.70.jar
7f8f7419c000-7f8f7419f000 r--s 0001d000 fd:02 8129101                    /home/estadias02/.sdkman/candidates/grails/2.5.6/lib/org.apache.tomcat/tomcat-jdbc/jars/tomcat-jdbc-7.0.70.jar
7f8f7419f000-7f8f741a1000 r--s 0000a000 fd:02 12452780                   /home/estadias02/.sdkman/candidates/grails/2.5.6/dist/grails-plugin-datasource-2.5.6.jar
7f8f741a1000-7f8f741a3000 r--s 00009000 fd:02 12453977                   /home/estadias02/.sdkman/candidates/grails/2.5.6/dist/grails-plugin-validation-2.5.6.jar
7f8f741a3000-7f8f741a6000 r--s 0001d000 fd:02 12452717                   /home/estadias02/.sdkman/candidates/grails/2.5.6/dist/grails-plugin-controllers-2.5.6.jar
7f8f741a6000-7f8f741a8000 r--s 0000c000 fd:02 12452087                   /home/estadias02/.sdkman/candidates/grails/2.5.6/lib/org.springframework/spring-aspects/jars/spring-aspects-4.1.9.RELEASE.jar
7f8f741a8000-7f8f741ae000 r--s 0004a000 fd:02 12455830                   /home/estadias02/.sdkman/candidates/grails/2.5.6/dist/grails-web-gsp-2.5.6.jar
7f8f741ae000-7f8f741b2000 r--s 00027000 fd:02 8128937                    /home/estadias02/.sdkman/candidates/grails/2.5.6/lib/commons-io/commons-io/jars/commons-io-2.2.jar
7f8f741b2000-7f8f741b4000 r--s 0000f000 fd:02 8128933                    /home/estadias02/.sdkman/candidates/grails/2.5.6/lib/commons-fileupload/commons-fileupload/jars/commons-fileupload-1.3.1.jar
7f8f741b4000-7f8f741b5000 r--s 00000000 fd:02 12455809                   /home/estadias02/.sdkman/candidates/grails/2.5.6/dist/grails-web-fileupload-2.5.6.jar
7f8f741b5000-7f8f741b8000 r--s 00020000 fd:02 12455872                   /home/estadias02/.sdkman/candidates/grails/2.5.6/dist/grails-web-jsp-2.5.6.jar
7f8f741b8000-7f8f741bc000 r--s 00019000 fd:02 8129119                    /home/estadias02/.sdkman/candidates/grails/2.5.6/lib/org.aspectj/aspectjrt/jars/aspectjrt-1.8.7.jar
7f8f741bc000-7f8f741d5000 r--s 001af000 fd:02 8129122                    /home/estadias02/.sdkman/candidates/grails/2.5.6/lib/org.aspectj/aspectjweaver/jars/aspectjweaver-1.8.7.jar
7f8f741d5000-7f8f741d9000 r--s 00028000 fd:02 12452102                   /home/estadias02/.sdkman/candidates/grails/2.5.6/lib/org.springframework/spring-context-support/jars/spring-context-support-4.1.9.RELEASE.jar
7f8f741d9000-7f8f741e9000 r--s 000b1000 fd:02 12452141                   /home/estadias02/.sdkman/candidates/grails/2.5.6/lib/org.springframework/spring-webmvc/jars/spring-webmvc-4.1.9.RELEASE.jar
7f8f741e9000-7f8f741ee000 r--s 0002c000 fd:02 12455746                   /home/estadias02/.sdkman/candidates/grails/2.5.6/dist/grails-web-common-2.5.6.jar
7f8f741ee000-7f8f741f0000 r--s 00009000 fd:02 12455893                   /home/estadias02/.sdkman/candidates/grails/2.5.6/dist/grails-web-mvc-2.5.6.jar
7f8f741f0000-7f8f741f3000 r--s 00020000 fd:02 12455935                   /home/estadias02/.sdkman/candidates/grails/2.5.6/dist/grails-web-url-mappings-2.5.6.jar
7f8f741f3000-7f8f741f9000 r--s 00027000 fd:02 8129028                    /home/estadias02/.sdkman/candidates/grails/2.5.6/lib/opensymphony/sitemesh/jars/sitemesh-2.4.jar
7f8f741f9000-7f8f741fb000 r--s 0000b000 fd:02 12455914                   /home/estadias02/.sdkman/candidates/grails/2.5.6/dist/grails-web-sitemesh-2.5.6.jar
7f8f741fb000-7f8f741fe000 r--s 0000d000 fd:02 12452591                   /home/estadias02/.sdkman/candidates/grails/2.5.6/dist/grails-databinding-2.5.6.jar
7f8f741fe000-7f8f743fe000 rw-p 00000000 00:00 0 
7f8f743fe000-7f8f74401000 ---p 00000000 00:00 0 
7f8f74401000-7f8f746ff000 rw-p 00000000 00:00 0 
7f8f746ff000-7f8f748ff000 rw-p 00000000 00:00 0 
7f8f748ff000-7f8f74aff000 rw-p 00000000 00:00 0 
7f8f74aff000-7f8f74b02000 ---p 00000000 00:00 0 
7f8f74b02000-7f8f74c00000 rw-p 00000000 00:00 0 
7f8f74c00000-7f8f74c23000 r--s 0038e000 fd:00 2625746                    /usr/java/jdk1.8.0_121/jre/lib/ext/cldrdata.jar
7f8f74c23000-7f8f74c24000 r-xp 00000000 00:2a 345933                     /tmp/libjansi-64-206903225041428081.so
7f8f74c24000-7f8f74e23000 ---p 00001000 00:2a 345933                     /tmp/libjansi-64-206903225041428081.so
7f8f74e23000-7f8f74e24000 rw-p 00000000 00:2a 345933                     /tmp/libjansi-64-206903225041428081.so
7f8f74e24000-7f8f74e27000 ---p 00000000 00:00 0 
7f8f74e27000-7f8f7505d000 rw-p 00000000 00:00 0 
7f8f7505d000-7f8f7505e000 ---p 00000000 00:00 0 
7f8f7505e000-7f8f7515e000 rw-p 00000000 00:00 0 
7f8f7515e000-7f8f75161000 ---p 00000000 00:00 0 
7f8f75161000-7f8f7525f000 rw-p 00000000 00:00 0 
7f8f7525f000-7f8f75262000 ---p 00000000 00:00 0 
7f8f75262000-7f8f75360000 rw-p 00000000 00:00 0 
7f8f75360000-7f8f75363000 ---p 00000000 00:00 0 
7f8f75363000-7f8f75461000 rw-p 00000000 00:00 0 
7f8f75461000-7f8f7c000000 r--p 00000000 fd:00 2497954                    /usr/lib/locale/locale-archive
7f8f7c000000-7f8f7c021000 rw-p 00000000 00:00 0 
7f8f7c021000-7f8f80000000 ---p 00000000 00:00 0 
7f8f80000000-7f8f80021000 rw-p 00000000 00:00 0 
7f8f80021000-7f8f84000000 ---p 00000000 00:00 0 
7f8f84000000-7f8f8402c000 rw-p 00000000 00:00 0 
7f8f8402c000-7f8f88000000 ---p 00000000 00:00 0 
7f8f88000000-7f8f8816a000 rw-p 00000000 00:00 0 
7f8f8816a000-7f8f8c000000 ---p 00000000 00:00 0 
7f8f8c000000-7f8f8c03f000 rw-p 00000000 00:00 0 
7f8f8c03f000-7f8f90000000 ---p 00000000 00:00 0 
7f8f90000000-7f8f90045000 rw-p 00000000 00:00 0 
7f8f90045000-7f8f94000000 ---p 00000000 00:00 0 
7f8f94000000-7f8f94021000 rw-p 00000000 00:00 0 
7f8f94021000-7f8f98000000 ---p 00000000 00:00 0 
7f8f98000000-7f8f98002000 r--s 00015000 fd:02 12455767                   /home/estadias02/.sdkman/candidates/grails/2.5.6/dist/grails-web-databinding-2.5.6.jar
7f8f98002000-7f8f98004000 r--s 00009000 fd:02 12455725                   /home/estadias02/.sdkman/candidates/grails/2.5.6/dist/grails-web-2.5.6.jar
7f8f98004000-7f8f98007000 r--s 00029000 fd:02 12453872                   /home/estadias02/.sdkman/candidates/grails/2.5.6/dist/grails-plugin-rest-2.5.6.jar
7f8f98007000-7f8f98009000 r--s 00001000 fd:00 2625747                    /usr/java/jdk1.8.0_121/jre/lib/ext/dnsns.jar
7f8f98009000-7f8f98014000 r--s 0021a000 fd:00 2625710                    /usr/java/jdk1.8.0_121/jre/lib/ext/localedata.jar
7f8f98014000-7f8f98019000 r--s 00099000 fd:00 2625799                    /usr/java/jdk1.8.0_121/jre/lib/jsse.jar
7f8f98019000-7f8f9801c000 ---p 00000000 00:00 0 
7f8f9801c000-7f8f9811a000 rw-p 00000000 00:00 0 
7f8f9811a000-7f8f98121000 r--s 00063000 fd:02 12452147                   /home/estadias02/.sdkman/candidates/grails/2.5.6/lib/org.springframework/springloaded/jars/springloaded-1.2.7.RELEASE.jar
7f8f98121000-7f8f98123000 r--s 00010000 fd:02 19663818                   /home/estadias02/Proyectos/flujo/target/work/plugins/tomcat-7.0.70/grails-plugin-tomcat-7.0.70.jar
7f8f98123000-7f8f98133000 r--s 0019c000 fd:02 13369932                   /home/estadias02/.m2/repository/org/eclipse/jdt/core/compiler/ecj/3.7.2/ecj-3.7.2.jar
7f8f98133000-7f8f98154000 r--s 00270000 fd:02 12324758                   /home/estadias02/.m2/repository/org/apache/tomcat/embed/tomcat-embed-core/7.0.70/tomcat-embed-core-7.0.70.jar
7f8f98154000-7f8f98159000 r--s 00038000 fd:02 12324755                   /home/estadias02/.m2/repository/org/apache/tomcat/embed/tomcat-embed-websocket/7.0.70/tomcat-embed-websocket-7.0.70.jar
7f8f98159000-7f8f9815c000 r--s 00028000 fd:02 12324752                   /home/estadias02/.m2/repository/org/apache/tomcat/embed/tomcat-embed-el/7.0.70/tomcat-embed-el-7.0.70.jar
7f8f9815c000-7f8f98165000 r--s 0009f000 fd:02 12324750                   /home/estadias02/.m2/repository/org/apache/tomcat/embed/tomcat-embed-jasper/7.0.70/tomcat-embed-jasper-7.0.70.jar
7f8f98165000-7f8f98167000 r--s 0000c000 fd:02 12324747                   /home/estadias02/.m2/repository/org/apache/tomcat/tomcat-catalina-ant/7.0.70/tomcat-catalina-ant-7.0.70.jar
7f8f98167000-7f8f98185000 r--s 001cf000 fd:02 8129032                    /home/estadias02/.sdkman/candidates/grails/2.5.6/lib/org.apache.ant/ant/jars/ant-1.9.4.jar
7f8f98185000-7f8f9819a000 r--s 00116000 fd:02 8129058                    /home/estadias02/.sdkman/candidates/grails/2.5.6/lib/org.apache.ivy/ivy/jars/ivy-2.3.0.jar
7f8f9819a000-7f8f9819b000 r--s 00001000 fd:02 8129041                    /home/estadias02/.sdkman/candidates/grails/2.5.6/lib/org.apache.ant/ant-trax/jars/ant-trax-1.7.1.jar
7f8f9819b000-7f8f9819d000 r--s 0001a000 fd:02 12451984                   /home/estadias02/.sdkman/candidates/grails/2.5.6/lib/org.fusesource.jansi/jansi/jars/jansi-1.11.jar
7f8f9819d000-7f8f9820d000 r--s 00645000 fd:02 8129140                    /home/estadias02/.sdkman/candidates/grails/2.5.6/lib/org.codehaus.groovy/groovy-all/jars/groovy-all-2.4.10.jar
7f8f9820d000-7f8f98287000 r--s 010e8000 fd:00 2758785                    /usr/java/jdk1.8.0_121/lib/tools.jar
7f8f98287000-7f8f9828a000 ---p 00000000 00:00 0 
7f8f9828a000-7f8f98388000 rw-p 00000000 00:00 0 
7f8f98388000-7f8f9838b000 ---p 00000000 00:00 0 
7f8f9838b000-7f8f98489000 rw-p 00000000 00:00 0 
7f8f98489000-7f8f9848c000 ---p 00000000 00:00 0 
7f8f9848c000-7f8f9858a000 rw-p 00000000 00:00 0 
7f8f9858a000-7f8f9858b000 ---p 00000000 00:00 0 
7f8f9858b000-7f8f995e9000 rw-p 00000000 00:00 0 
7f8f995e9000-7f8f997c2000 r--s 03cf6000 fd:00 2625721                    /usr/java/jdk1.8.0_121/jre/lib/rt.jar
7f8f997c2000-7f8f99fc2000 rw-p 00000000 00:00 0 
7f8f99fc2000-7f8f9b942000 rw-p 00000000 00:00 0 
7f8f9b942000-7f8f9b943000 ---p 00000000 00:00 0 
7f8f9b943000-7f8f9ba43000 rw-p 00000000 00:00 0 
7f8f9ba43000-7f8f9ba44000 ---p 00000000 00:00 0 
7f8f9ba44000-7f8f9bb44000 rw-p 00000000 00:00 0 
7f8f9bb44000-7f8f9bb45000 ---p 00000000 00:00 0 
7f8f9bb45000-7f8f9bc45000 rw-p 00000000 00:00 0 
7f8f9bc45000-7f8f9bc46000 ---p 00000000 00:00 0 
7f8f9bc46000-7f8f9bdab000 rw-p 00000000 00:00 0 
7f8f9bdab000-7f8f9be46000 ---p 00000000 00:00 0 
7f8f9be46000-7f8f9beab000 rw-p 00000000 00:00 0 
7f8f9beab000-7f8f9bf46000 ---p 00000000 00:00 0 
7f8f9bf46000-7f8f9bfc3000 rw-p 00000000 00:00 0 
7f8f9bfc3000-7f8f9bfc6000 ---p 00000000 00:00 0 
7f8f9bfc6000-7f8f9c029000 rw-p 00000000 00:00 0 
7f8f9c029000-7f8f9c387000 ---p 00000000 00:00 0 
7f8f9c387000-7f8f9dbf7000 rwxp 00000000 00:00 0 
7f8f9dbf7000-7f8fab387000 ---p 00000000 00:00 0 
7f8fab387000-7f8fab3a1000 r-xp 00000000 fd:00 2625703                    /usr/java/jdk1.8.0_121/jre/lib/amd64/libzip.so
7f8fab3a1000-7f8fab5a1000 ---p 0001a000 fd:00 2625703                    /usr/java/jdk1.8.0_121/jre/lib/amd64/libzip.so
7f8fab5a1000-7f8fab5a2000 rw-p 0001a000 fd:00 2625703                    /usr/java/jdk1.8.0_121/jre/lib/amd64/libzip.so
7f8fab5a2000-7f8fab5ac000 r-xp 00000000 fd:00 2500668                    /usr/lib64/libnss_files-2.24.so
7f8fab5ac000-7f8fab7ac000 ---p 0000a000 fd:00 2500668                    /usr/lib64/libnss_files-2.24.so
7f8fab7ac000-7f8fab7ad000 r--p 0000a000 fd:00 2500668                    /usr/lib64/libnss_files-2.24.so
7f8fab7ad000-7f8fab7ae000 rw-p 0000b000 fd:00 2500668                    /usr/lib64/libnss_files-2.24.so
7f8fab7ae000-7f8fab7b4000 rw-p 00000000 00:00 0 
7f8fab7b4000-7f8fab7be000 r-xp 00000000 fd:00 2625662                    /usr/java/jdk1.8.0_121/jre/lib/amd64/libinstrument.so
7f8fab7be000-7f8fab9bd000 ---p 0000a000 fd:00 2625662                    /usr/java/jdk1.8.0_121/jre/lib/amd64/libinstrument.so
7f8fab9bd000-7f8fab9be000 rw-p 00009000 fd:00 2625662                    /usr/java/jdk1.8.0_121/jre/lib/amd64/libinstrument.so
7f8fab9be000-7f8fab9e9000 r-xp 00000000 fd:00 2625667                    /usr/java/jdk1.8.0_121/jre/lib/amd64/libjava.so
7f8fab9e9000-7f8fabbe8000 ---p 0002b000 fd:00 2625667                    /usr/java/jdk1.8.0_121/jre/lib/amd64/libjava.so
7f8fabbe8000-7f8fabbea000 rw-p 0002a000 fd:00 2625667                    /usr/java/jdk1.8.0_121/jre/lib/amd64/libjava.so
7f8fabbea000-7f8fabbf7000 r-xp 00000000 fd:00 2625702                    /usr/java/jdk1.8.0_121/jre/lib/amd64/libverify.so
7f8fabbf7000-7f8fabdf6000 ---p 0000d000 fd:00 2625702                    /usr/java/jdk1.8.0_121/jre/lib/amd64/libverify.so
7f8fabdf6000-7f8fabdf8000 rw-p 0000c000 fd:00 2625702                    /usr/java/jdk1.8.0_121/jre/lib/amd64/libverify.so
7f8fabdf8000-7f8fabdff000 r-xp 00000000 fd:00 2500890                    /usr/lib64/librt-2.24.so
7f8fabdff000-7f8fabffe000 ---p 00007000 fd:00 2500890                    /usr/lib64/librt-2.24.so
7f8fabffe000-7f8fabfff000 r--p 00006000 fd:00 2500890                    /usr/lib64/librt-2.24.so
7f8fabfff000-7f8fac000000 rw-p 00007000 fd:00 2500890                    /usr/lib64/librt-2.24.so
7f8fac000000-7f8facf23000 rw-p 00000000 00:00 0 
7f8facf23000-7f8fb0000000 ---p 00000000 00:00 0 
7f8fb0000000-7f8fb0004000 r--s 00031000 fd:02 8129006                    /home/estadias02/.sdkman/candidates/grails/2.5.6/lib/jline/jline/jars/jline-2.12.jar
7f8fb0004000-7f8fb0011000 r--s 000b3000 fd:02 12452549                   /home/estadias02/.sdkman/candidates/grails/2.5.6/dist/grails-bootstrap-2.5.6.jar
7f8fb0011000-7f8fb001a000 r--s 0006f000 fd:02 8129020                    /home/estadias02/.sdkman/candidates/grails/2.5.6/lib/log4j/log4j/jars/log4j-1.2.17.jar
7f8fb001a000-7f8fb0122000 r-xp 00000000 fd:00 2499374                    /usr/lib64/libm-2.24.so
7f8fb0122000-7f8fb0321000 ---p 00108000 fd:00 2499374                    /usr/lib64/libm-2.24.so
7f8fb0321000-7f8fb0322000 r--p 00107000 fd:00 2499374                    /usr/lib64/libm-2.24.so
7f8fb0322000-7f8fb0323000 rw-p 00108000 fd:00 2499374                    /usr/lib64/libm-2.24.so
7f8fb0323000-7f8fb0ff1000 r-xp 00000000 fd:00 2625707                    /usr/java/jdk1.8.0_121/jre/lib/amd64/server/libjvm.so
7f8fb0ff1000-7f8fb11f1000 ---p 00cce000 fd:00 2625707                    /usr/java/jdk1.8.0_121/jre/lib/amd64/server/libjvm.so
7f8fb11f1000-7f8fb12ca000 rw-p 00cce000 fd:00 2625707                    /usr/java/jdk1.8.0_121/jre/lib/amd64/server/libjvm.so
7f8fb12ca000-7f8fb1315000 rw-p 00000000 00:00 0 
7f8fb1315000-7f8fb14d1000 r-xp 00000000 fd:00 2497945                    /usr/lib64/libc-2.24.so
7f8fb14d1000-7f8fb16d1000 ---p 001bc000 fd:00 2497945                    /usr/lib64/libc-2.24.so
7f8fb16d1000-7f8fb16d5000 r--p 001bc000 fd:00 2497945                    /usr/lib64/libc-2.24.so
7f8fb16d5000-7f8fb16d7000 rw-p 001c0000 fd:00 2497945                    /usr/lib64/libc-2.24.so
7f8fb16d7000-7f8fb16db000 rw-p 00000000 00:00 0 
7f8fb16db000-7f8fb16de000 r-xp 00000000 fd:00 2498141                    /usr/lib64/libdl-2.24.so
7f8fb16de000-7f8fb18dd000 ---p 00003000 fd:00 2498141                    /usr/lib64/libdl-2.24.so
7f8fb18dd000-7f8fb18de000 r--p 00002000 fd:00 2498141                    /usr/lib64/libdl-2.24.so
7f8fb18de000-7f8fb18df000 rw-p 00003000 fd:00 2498141                    /usr/lib64/libdl-2.24.so
7f8fb18df000-7f8fb18f4000 r-xp 00000000 fd:00 2758107                    /usr/java/jdk1.8.0_121/lib/amd64/jli/libjli.so
7f8fb18f4000-7f8fb1af4000 ---p 00015000 fd:00 2758107                    /usr/java/jdk1.8.0_121/lib/amd64/jli/libjli.so
7f8fb1af4000-7f8fb1af5000 rw-p 00015000 fd:00 2758107                    /usr/java/jdk1.8.0_121/lib/amd64/jli/libjli.so
7f8fb1af5000-7f8fb1b0d000 r-xp 00000000 fd:00 2500702                    /usr/lib64/libpthread-2.24.so
7f8fb1b0d000-7f8fb1d0d000 ---p 00018000 fd:00 2500702                    /usr/lib64/libpthread-2.24.so
7f8fb1d0d000-7f8fb1d0e000 r--p 00018000 fd:00 2500702                    /usr/lib64/libpthread-2.24.so
7f8fb1d0e000-7f8fb1d0f000 rw-p 00019000 fd:00 2500702                    /usr/lib64/libpthread-2.24.so
7f8fb1d0f000-7f8fb1d13000 rw-p 00000000 00:00 0 
7f8fb1d13000-7f8fb1d39000 r-xp 00000000 fd:00 2497441                    /usr/lib64/ld-2.24.so
7f8fb1d39000-7f8fb1d3b000 r--s 00009000 fd:02 12452044                   /home/estadias02/.sdkman/candidates/grails/2.5.6/lib/org.slf4j/slf4j-api/jars/slf4j-api-1.7.21.jar
7f8fb1d3b000-7f8fb1e0c000 rw-p 00000000 00:00 0 
7f8fb1e0c000-7f8fb1e0f000 ---p 00000000 00:00 0 
7f8fb1e0f000-7f8fb1f0f000 rw-p 00000000 00:00 0 
7f8fb1f0f000-7f8fb1f11000 r--s 0001b000 fd:02 8129035                    /home/estadias02/.sdkman/candidates/grails/2.5.6/lib/org.apache.ant/ant-junit/jars/ant-junit-1.9.4.jar
7f8fb1f11000-7f8fb1f12000 r--s 00004000 fd:02 8129038                    /home/estadias02/.sdkman/candidates/grails/2.5.6/lib/org.apache.ant/ant-launcher/jars/ant-launcher-1.9.4.jar
7f8fb1f12000-7f8fb1f14000 r--s 0000b000 fd:02 12452885                   /home/estadias02/.sdkman/candidates/grails/2.5.6/dist/grails-plugin-log4j-2.5.6.jar
7f8fb1f14000-7f8fb1f16000 r--s 00013000 fd:02 8129112                    /home/estadias02/.sdkman/candidates/grails/2.5.6/lib/org.apache.tomcat.embed/tomcat-embed-logging-log4j/jars/tomcat-embed-logging-log4j-7.0.70.jar
7f8fb1f16000-7f8fb1f1b000 r--s 00050000 fd:02 8129126                    /home/estadias02/.sdkman/candidates/grails/2.5.6/lib/org.codehaus.gant/gant_groovy1.8/jars/gant_groovy1.8-1.9.6.jar
7f8fb1f1b000-7f8fb1f1d000 r--s 00003000 fd:02 12452032                   /home/estadias02/.sdkman/candidates/grails/2.5.6/lib/org.slf4j/jcl-over-slf4j/jars/jcl-over-slf4j-1.7.21.jar
7f8fb1f1d000-7f8fb1f2c000 rw-p 00000000 00:00 0 
7f8fb1f2c000-7f8fb1f34000 rw-s 00000000 00:2a 346267                     /tmp/hsperfdata_estadias02/18880
7f8fb1f34000-7f8fb1f35000 rw-p 00000000 00:00 0 
7f8fb1f35000-7f8fb1f36000 r--p 00000000 00:00 0 
7f8fb1f36000-7f8fb1f38000 rw-p 00000000 00:00 0 
7f8fb1f38000-7f8fb1f39000 r--p 00025000 fd:00 2497441                    /usr/lib64/ld-2.24.so
7f8fb1f39000-7f8fb1f3a000 rw-p 00026000 fd:00 2497441                    /usr/lib64/ld-2.24.so
7f8fb1f3a000-7f8fb1f3b000 rw-p 00000000 00:00 0 
7ffc2b07f000-7ffc2b0a1000 rw-p 00000000 00:00 0                          [stack]
7ffc2b0de000-7ffc2b0e0000 r--p 00000000 00:00 0                          [vvar]
7ffc2b0e0000-7ffc2b0e2000 r-xp 00000000 00:00 0                          [vdso]
ffffffffff600000-ffffffffff601000 r-xp 00000000 00:00 0                  [vsyscall]

VM Arguments:
jvm_args: -Dfile.encoding=UTF-8 -Xmx768M -Xms64M -Dgrails.fork.parent.process.port=36231 -Dgrails.fork.active=true -Dgrails.build.execution.context=/tmp/flujo5525389562597043843grails-execution-context -Dgrails.home=/home/estadias02/.sdkman/candidates/grails/2.5.6 -javaagent:/home/estadias02/.sdkman/candidates/grails/2.5.6/lib/org.springframework/springloaded/jars/springloaded-1.2.7.RELEASE.jar -Xverify:none -Dspringloaded.synchronize=true -Djdk.reflect.allowGetCallerClass=true -Dspringloaded=profile=grails;cacheDir=/home/estadias02/.grails/2.5.6 
java_command: org.grails.plugins.tomcat.fork.ForkedTomcatServer
java_class_path (initial): /usr/java/jdk1.8.0_121/lib/tools.jar:/home/estadias02/.sdkman/candidates/grails/2.5.6/lib/org.codehaus.groovy/groovy-all/jars/groovy-all-2.4.10.jar:/home/estadias02/.sdkman/candidates/grails/2.5.6/lib/org.slf4j/jcl-over-slf4j/jars/jcl-over-slf4j-1.7.21.jar:/home/estadias02/.sdkman/candidates/grails/current/lib/org.codehaus.gant/gant_groovy1.8/jars/gant_groovy1.8-1.9.6.jar:/home/estadias02/.sdkman/candidates/grails/2.5.6/lib/org.apache.tomcat.embed/tomcat-embed-logging-log4j/jars/tomcat-embed-logging-log4j-7.0.70.jar:/home/estadias02/.sdkman/candidates/grails/2.5.6/dist/grails-plugin-log4j-2.5.6.jar:/home/estadias02/.sdkman/candidates/grails/2.5.6/lib/log4j/log4j/jars/log4j-1.2.17.jar:/home/estadias02/.sdkman/candidates/grails/2.5.6/dist/grails-bootstrap-2.5.6.jar:/home/estadias02/.sdkman/candidates/grails/2.5.6/lib/org.apache.ant/ant-launcher/jars/ant-launcher-1.9.4.jar:/home/estadias02/.sdkman/candidates/grails/2.5.6/lib/org.apache.ant/ant-junit/jars/ant-junit-1.9.4.jar:/home/estadias02/.sdkman/candidates/grails/2.5.6/lib/jline/jline/jars/jline-2.12.jar:/home/estadias02/.sdkman/candidates/grails/2.5.6/lib/org.slf4j/slf4j-api/jars/slf4j-api-1.7.21.jar:/home/estadias02/.sdkman/candidates/grails/2.5.6/lib/org.fusesource.jansi/jansi/jars/jansi-1.11.jar:/home/estadias02/.sdkman/candidates/grails/2.5.6/lib/org.apache.ant/ant-trax/jars/ant-trax-1.7.1.jar:/home/estadias02/.sdkman/candidates/grails/2.5.6/lib/org.apache.ivy/ivy/jars/ivy-2.3.0.jar:/home/estadias02/.sdkman/candidates/grails/2.5.6/lib/org.apache.ant/ant/jars/ant-1.9.4.jar:/home/estadias02/.m2/repository/org/apache/tomcat/tomcat-catalina-ant/7.0.70/tomcat-catalina-ant-7.0.70.jar:/home/estadias02/.m2/repository/org/apache/tomcat/embed/tomcat-embed-jasper/7.0.70/tomcat-embed-jasper-7.0.70.jar:/home/estadias02/.m2/repository/org/apache/tomcat/embed/tomcat-embed-el/7.0.70/tomcat-embed-el-7.0.70.jar:/home/estadias02/.sdkman/candidates/grails/2.5.6/lib/org.apache.tomcat.embed/tomcat-embed-
Launcher Type: SUN_STANDARD

Environment Variables:
JAVA_HOME=/usr/java/jdk1.8.0_121
PATH=/home/estadias02/.sdkman/candidates/grails/current/bin:/usr/lib64/qt-3.3/bin:/usr/local/bin:/usr/local/sbin:/usr/bin:/usr/sbin:/opt/minishift:/opt/apache-maven-3.3.9/bin:/opt/jboss-fuse-6.3.0.redhat-187/bin:/opt/minishift:/home/estadias02/cdev/bin:/home/estadias02/.local/bin:/home/estadias02/bin:/opt/apache-maven-3.3.9/bin:/opt/jboss-fuse-6.3.0.redhat-187/bin:/opt/minishift:/home/estadias02/cdev/bin
USERNAME=estadias02
SHELL=/bin/bash
DISPLAY=:0

Signal Handlers:
SIGSEGV: [libjvm.so+0xac78c0], sa_mask[0]=11111111011111111101111111111110, sa_flags=SA_RESTART|SA_SIGINFO
SIGBUS: [libjvm.so+0xac78c0], sa_mask[0]=11111111011111111101111111111110, sa_flags=SA_RESTART|SA_SIGINFO
SIGFPE: [libjvm.so+0x920ac0], sa_mask[0]=11111111011111111101111111111110, sa_flags=SA_RESTART|SA_SIGINFO
SIGPIPE: [libjvm.so+0x920ac0], sa_mask[0]=11111111011111111101111111111110, sa_flags=SA_RESTART|SA_SIGINFO
SIGXFSZ: [libjvm.so+0x920ac0], sa_mask[0]=11111111011111111101111111111110, sa_flags=SA_RESTART|SA_SIGINFO
SIGILL: [libjvm.so+0x920ac0], sa_mask[0]=11111111011111111101111111111110, sa_flags=SA_RESTART|SA_SIGINFO
SIGUSR1: SIG_DFL, sa_mask[0]=00000000000000000000000000000000, sa_flags=none
SIGUSR2: [libjvm.so+0x922300], sa_mask[0]=00100000000000000000000000000000, sa_flags=SA_RESTART|SA_SIGINFO
SIGHUP: [libjvm.so+0x923700], sa_mask[0]=11111111011111111101111111111110, sa_flags=SA_RESTART|SA_SIGINFO
SIGINT: [libjvm.so+0x923700], sa_mask[0]=11111111011111111101111111111110, sa_flags=SA_RESTART|SA_SIGINFO
SIGTERM: [libjvm.so+0x923700], sa_mask[0]=11111111011111111101111111111110, sa_flags=SA_RESTART|SA_SIGINFO
SIGQUIT: [libjvm.so+0x923700], sa_mask[0]=11111111011111111101111111111110, sa_flags=SA_RESTART|SA_SIGINFO


---------------  S Y S T E M  ---------------

OS:Fedora release 25 (Twenty Five)

uname:Linux 4.11.7-200.fc25.x86_64 #1 SMP Mon Jun 26 15:58:22 UTC 2017 x86_64
libc:glibc 2.24 NPTL 2.24 
rlimit: STACK 8192k, CORE infinity, NPROC 30555, NOFILE 4096, AS infinity
load average:3.88 2.69 1.47

/proc/meminfo:
MemTotal:        8066108 kB
MemFree:          962624 kB
MemAvailable:    2013524 kB
Buffers:          141572 kB
Cached:          1260984 kB
SwapCached:            0 kB
Active:          5104020 kB
Inactive:        1452844 kB
Active(anon):    4315512 kB
Inactive(anon):  1177616 kB
Active(file):     788508 kB
Inactive(file):   275228 kB
Unevictable:          72 kB
Mlocked:              72 kB
SwapTotal:       8200188 kB
SwapFree:        8200188 kB
Dirty:              1424 kB
Writeback:             0 kB
AnonPages:       5154480 kB
Mapped:           413916 kB
Shmem:            338820 kB
Slab:             373692 kB
SReclaimable:     290968 kB
SUnreclaim:        82724 kB
KernelStack:       12368 kB
PageTables:        62440 kB
NFS_Unstable:          0 kB
Bounce:                0 kB
WritebackTmp:          0 kB
CommitLimit:    12233240 kB
Committed_AS:   10211600 kB
VmallocTotal:   34359738367 kB
VmallocUsed:           0 kB
VmallocChunk:          0 kB
HardwareCorrupted:     0 kB
AnonHugePages:         0 kB
ShmemHugePages:        0 kB
ShmemPmdMapped:        0 kB
CmaTotal:              0 kB
CmaFree:               0 kB
HugePages_Total:       0
HugePages_Free:        0
HugePages_Rsvd:        0
HugePages_Surp:        0
Hugepagesize:       2048 kB
DirectMap4k:      215700 kB
DirectMap2M:     7016448 kB
DirectMap1G:     2097152 kB


CPU:total 4 (2 cores per cpu, 2 threads per core) family 6 model 60 stepping 3, cmov, cx8, fxsr, mmx, sse, sse2, sse3, ssse3, sse4.1, sse4.2, popcnt, avx, avx2, aes, clmul, erms, lzcnt, ht, tsc, tscinvbit, bmi1, bmi2

/proc/cpuinfo:
processor	: 0
vendor_id	: GenuineIntel
cpu family	: 6
model		: 60
model name	: Intel(R) Core(TM) i3-4160 CPU @ 3.60GHz
stepping	: 3
microcode	: 0x22
cpu MHz		: 3600.000
cache size	: 3072 KB
physical id	: 0
siblings	: 4
core id		: 0
cpu cores	: 2
apicid		: 0
initial apicid	: 0
fpu		: yes
fpu_exception	: yes
cpuid level	: 13
wp		: yes
flags		: fpu vme de pse tsc msr pae mce cx8 apic sep mtrr pge mca cmov pat pse36 clflush dts acpi mmx fxsr sse sse2 ss ht tm pbe syscall nx pdpe1gb rdtscp lm constant_tsc arch_perfmon pebs bts rep_good nopl xtopology nonstop_tsc cpuid aperfmperf pni pclmulqdq dtes64 monitor ds_cpl vmx est tm2 ssse3 sdbg fma cx16 xtpr pdcm pcid sse4_1 sse4_2 movbe popcnt tsc_deadline_timer aes xsave avx f16c rdrand lahf_lm abm tpr_shadow vnmi flexpriority ept vpid fsgsbase tsc_adjust bmi1 avx2 smep bmi2 erms invpcid xsaveopt dtherm arat pln pts
bugs		:
bogomips	: 7183.31
clflush size	: 64
cache_alignment	: 64
address sizes	: 39 bits physical, 48 bits virtual
power management:

processor	: 1
vendor_id	: GenuineIntel
cpu family	: 6
model		: 60
model name	: Intel(R) Core(TM) i3-4160 CPU @ 3.60GHz
stepping	: 3
microcode	: 0x22
cpu MHz		: 3600.000
cache size	: 3072 KB
physical id	: 0
siblings	: 4
core id		: 1
cpu cores	: 2
apicid		: 2
initial apicid	: 2
fpu		: yes
fpu_exception	: yes
cpuid level	: 13
wp		: yes
flags		: fpu vme de pse tsc msr pae mce cx8 apic sep mtrr pge mca cmov pat pse36 clflush dts acpi mmx fxsr sse sse2 ss ht tm pbe syscall nx pdpe1gb rdtscp lm constant_tsc arch_perfmon pebs bts rep_good nopl xtopology nonstop_tsc cpuid aperfmperf pni pclmulqdq dtes64 monitor ds_cpl vmx est tm2 ssse3 sdbg fma cx16 xtpr pdcm pcid sse4_1 sse4_2 movbe popcnt tsc_deadline_timer aes xsave avx f16c rdrand lahf_lm abm tpr_shadow vnmi flexpriority ept vpid fsgsbase tsc_adjust bmi1 avx2 smep bmi2 erms invpcid xsaveopt dtherm arat pln pts
bugs		:
bogomips	: 7187.47
clflush size	: 64
cache_alignment	: 64
address sizes	: 39 bits physical, 48 bits virtual
power management:

processor	: 2
vendor_id	: GenuineIntel
cpu family	: 6
model		: 60
model name	: Intel(R) Core(TM) i3-4160 CPU @ 3.60GHz
stepping	: 3
microcode	: 0x22
cpu MHz		: 3599.780
cache size	: 3072 KB
physical id	: 0
siblings	: 4
core id		: 0
cpu cores	: 2
apicid		: 1
initial apicid	: 1
fpu		: yes
fpu_exception	: yes
cpuid level	: 13
wp		: yes
flags		: fpu vme de pse tsc msr pae mce cx8 apic sep mtrr pge mca cmov pat pse36 clflush dts acpi mmx fxsr sse sse2 ss ht tm pbe syscall nx pdpe1gb rdtscp lm constant_tsc arch_perfmon pebs bts rep_good nopl xtopology nonstop_tsc cpuid aperfmperf pni pclmulqdq dtes64 monitor ds_cpl vmx est tm2 ssse3 sdbg fma cx16 xtpr pdcm pcid sse4_1 sse4_2 movbe popcnt tsc_deadline_timer aes xsave avx f16c rdrand lahf_lm abm tpr_shadow vnmi flexpriority ept vpid fsgsbase tsc_adjust bmi1 avx2 smep bmi2 erms invpcid xsaveopt dtherm arat pln pts
bugs		:
bogomips	: 7190.63
clflush size	: 64
cache_alignment	: 64
address sizes	: 39 bits physical, 48 bits virtual
power management:

processor	: 3
vendor_id	: GenuineIntel
cpu family	: 6
model		: 60
model name	: Intel(R) Core(TM) i3-4160 CPU @ 3.60GHz
stepping	: 3
microcode	: 0x22
cpu MHz		: 3600.000
cache size	: 3072 KB
physical id	: 0
siblings	: 4
core id		: 1
cpu cores	: 2
apicid		: 3
initial apicid	: 3
fpu		: yes
fpu_exception	: yes
cpuid level	: 13
wp		: yes
flags		: fpu vme de pse tsc msr pae mce cx8 apic sep mtrr pge mca cmov pat pse36 clflush dts acpi mmx fxsr sse sse2 ss ht tm pbe syscall nx pdpe1gb rdtscp lm constant_tsc arch_perfmon pebs bts rep_good nopl xtopology nonstop_tsc cpuid aperfmperf pni pclmulqdq dtes64 monitor ds_cpl vmx est tm2 ssse3 sdbg fma cx16 xtpr pdcm pcid sse4_1 sse4_2 movbe popcnt tsc_deadline_timer aes xsave avx f16c rdrand lahf_lm abm tpr_shadow vnmi flexpriority ept vpid fsgsbase tsc_adjust bmi1 avx2 smep bmi2 erms invpcid xsaveopt dtherm arat pln pts
bugs		:
bogomips	: 7188.48
clflush size	: 64
cache_alignment	: 64
address sizes	: 39 bits physical, 48 bits virtual
power management:



Memory: 4k page, physical 8066108k(962624k free), swap 8200188k(8200188k free)

vm_info: Java HotSpot(TM) 64-Bit Server VM (25.121-b13) for linux-amd64 JRE (1.8.0_121-b13), built on Dec 12 2016 16:36:53 by "java_re" with gcc 4.3.0 20080428 (Red Hat 4.3.0-8)

time: Mon Jan 15 17:50:20 2018
elapsed time: 71 seconds (0d 0h 1m 11s)

